{"/home/travis/build/npmtest/node-npmtest-serialport/test.js":{"path":"/home/travis/build/npmtest/node-npmtest-serialport/test.js","s":{"1":2,"2":2,"3":2,"4":2,"5":2,"6":2,"7":2,"8":1,"9":2,"10":2,"11":1,"12":1,"13":1,"14":1,"15":2,"16":2,"17":2,"18":2,"19":1,"20":1,"21":2,"22":2,"23":2,"24":1,"25":1,"26":1,"27":1,"28":1,"29":1,"30":1,"31":1,"32":1,"33":1,"34":1,"35":1,"36":1,"37":1,"38":1,"39":2,"40":2,"41":1,"42":2,"43":2,"44":1,"45":2,"46":2,"47":1,"48":2,"49":2,"50":1,"51":1,"52":1,"53":1,"54":1},"b":{"1":[2,1,1,1],"2":[1,1,1,1],"3":[1,1],"4":[1,1],"5":[1,1],"6":[1,1],"7":[1,1],"8":[1,1],"9":[1,1],"10":[1,1,1],"11":[1,1],"12":[1,1],"13":[1,1],"14":[1,1],"15":[1,1],"16":[1,1],"17":[1,1]},"f":{"1":2,"2":2,"3":2,"4":2,"5":2,"6":1,"7":1,"8":1,"9":2,"10":2,"11":2,"12":2,"13":1},"fnMap":{"1":{"name":"(anonymous_1)","line":12,"loc":{"start":{"line":12,"column":1},"end":{"line":12,"column":13}}},"2":{"name":"(anonymous_2)","line":19,"loc":{"start":{"line":19,"column":5},"end":{"line":19,"column":17}}},"3":{"name":"(anonymous_3)","line":23,"loc":{"start":{"line":23,"column":24},"end":{"line":23,"column":36}}},"4":{"name":"(anonymous_4)","line":61,"loc":{"start":{"line":61,"column":5},"end":{"line":61,"column":17}}},"5":{"name":"(anonymous_5)","line":82,"loc":{"start":{"line":82,"column":5},"end":{"line":82,"column":17}}},"6":{"name":"(anonymous_6)","line":91,"loc":{"start":{"line":91,"column":77},"end":{"line":94,"column":10}}},"7":{"name":"(anonymous_7)","line":112,"loc":{"start":{"line":112,"column":83},"end":{"line":115,"column":10}},"skip":true},"8":{"name":"(anonymous_8)","line":123,"loc":{"start":{"line":123,"column":77},"end":{"line":126,"column":10}},"skip":true},"9":{"name":"(anonymous_9)","line":139,"loc":{"start":{"line":139,"column":12},"end":{"line":139,"column":40}},"skip":true},"10":{"name":"(anonymous_10)","line":147,"loc":{"start":{"line":147,"column":77},"end":{"line":150,"column":10}},"skip":true},"11":{"name":"(anonymous_11)","line":158,"loc":{"start":{"line":158,"column":83},"end":{"line":161,"column":10}},"skip":true},"12":{"name":"(anonymous_12)","line":169,"loc":{"start":{"line":169,"column":79},"end":{"line":172,"column":10}},"skip":true},"13":{"name":"(anonymous_13)","line":180,"loc":{"start":{"line":180,"column":75},"end":{"line":183,"column":10}},"skip":true}},"statementMap":{"1":{"start":{"line":12,"column":0},"end":{"line":195,"column":5}},"2":{"start":{"line":14,"column":4},"end":{"line":14,"column":14}},"3":{"start":{"line":19,"column":4},"end":{"line":56,"column":9}},"4":{"start":{"line":21,"column":8},"end":{"line":21,"column":19}},"5":{"start":{"line":23,"column":8},"end":{"line":35,"column":13}},"6":{"start":{"line":24,"column":12},"end":{"line":34,"column":13}},"7":{"start":{"line":25,"column":16},"end":{"line":28,"column":30}},"8":{"start":{"line":30,"column":16},"end":{"line":33,"column":27}},"9":{"start":{"line":37,"column":8},"end":{"line":39,"column":21}},"10":{"start":{"line":40,"column":8},"end":{"line":53,"column":9}},"11":{"start":{"line":43,"column":12},"end":{"line":46,"column":14}},"12":{"start":{"line":47,"column":12},"end":{"line":47,"column":18}},"13":{"start":{"line":50,"column":12},"end":{"line":51,"column":33}},"14":{"start":{"line":52,"column":12},"end":{"line":52,"column":18}},"15":{"start":{"line":55,"column":8},"end":{"line":55,"column":35}},"16":{"start":{"line":61,"column":4},"end":{"line":63,"column":9}},"17":{"start":{"line":62,"column":8},"end":{"line":62,"column":15}},"18":{"start":{"line":64,"column":4},"end":{"line":77,"column":5}},"19":{"start":{"line":70,"column":8},"end":{"line":70,"column":14}},"20":{"start":{"line":76,"column":8},"end":{"line":76,"column":14}},"21":{"start":{"line":82,"column":4},"end":{"line":84,"column":9}},"22":{"start":{"line":83,"column":8},"end":{"line":83,"column":15}},"23":{"start":{"line":85,"column":4},"end":{"line":194,"column":5}},"24":{"start":{"line":91,"column":8},"end":{"line":99,"column":10}},"25":{"start":{"line":98,"column":12},"end":{"line":98,"column":35}},"26":{"start":{"line":102,"column":8},"end":{"line":104,"column":63}},"27":{"start":{"line":105,"column":8},"end":{"line":105,"column":14}},"28":{"start":{"line":112,"column":8},"end":{"line":121,"column":10},"skip":true},"29":{"start":{"line":119,"column":12},"end":{"line":119,"column":55},"skip":true},"30":{"start":{"line":120,"column":12},"end":{"line":120,"column":48},"skip":true},"31":{"start":{"line":123,"column":8},"end":{"line":136,"column":10},"skip":true},"32":{"start":{"line":130,"column":12},"end":{"line":130,"column":76},"skip":true},"33":{"start":{"line":131,"column":12},"end":{"line":131,"column":73},"skip":true},"34":{"start":{"line":132,"column":12},"end":{"line":132,"column":74},"skip":true},"35":{"start":{"line":133,"column":12},"end":{"line":133,"column":79},"skip":true},"36":{"start":{"line":134,"column":12},"end":{"line":134,"column":25},"skip":true},"37":{"start":{"line":135,"column":12},"end":{"line":135,"column":45},"skip":true},"38":{"start":{"line":138,"column":8},"end":{"line":145,"column":14},"skip":true},"39":{"start":{"line":143,"column":16},"end":{"line":143,"column":29},"skip":true},"40":{"start":{"line":144,"column":16},"end":{"line":144,"column":55},"skip":true},"41":{"start":{"line":147,"column":8},"end":{"line":156,"column":10},"skip":true},"42":{"start":{"line":154,"column":12},"end":{"line":154,"column":25},"skip":true},"43":{"start":{"line":155,"column":12},"end":{"line":155,"column":45},"skip":true},"44":{"start":{"line":158,"column":8},"end":{"line":167,"column":10},"skip":true},"45":{"start":{"line":165,"column":12},"end":{"line":165,"column":25},"skip":true},"46":{"start":{"line":166,"column":12},"end":{"line":166,"column":48},"skip":true},"47":{"start":{"line":169,"column":8},"end":{"line":178,"column":10},"skip":true},"48":{"start":{"line":176,"column":12},"end":{"line":176,"column":25},"skip":true},"49":{"start":{"line":177,"column":12},"end":{"line":177,"column":46},"skip":true},"50":{"start":{"line":180,"column":8},"end":{"line":189,"column":10},"skip":true},"51":{"start":{"line":187,"column":12},"end":{"line":187,"column":94},"skip":true},"52":{"start":{"line":188,"column":12},"end":{"line":188,"column":48},"skip":true},"53":{"start":{"line":192,"column":8},"end":{"line":192,"column":35},"skip":true},"54":{"start":{"line":193,"column":8},"end":{"line":193,"column":14},"skip":true}},"branchMap":{"1":{"line":25,"type":"binary-expr","locations":[{"start":{"line":25,"column":23},"end":{"line":25,"column":62}},{"start":{"line":26,"column":20},"end":{"line":26,"column":70}},{"start":{"line":27,"column":20},"end":{"line":27,"column":71}},{"start":{"line":28,"column":20},"end":{"line":28,"column":29}}]},"2":{"line":30,"type":"binary-expr","locations":[{"start":{"line":30,"column":23},"end":{"line":30,"column":37}},{"start":{"line":31,"column":20},"end":{"line":31,"column":61}},{"start":{"line":32,"column":20},"end":{"line":32,"column":70}},{"start":{"line":33,"column":20},"end":{"line":33,"column":26}}]},"3":{"line":37,"type":"cond-expr","locations":[{"start":{"line":38,"column":14},"end":{"line":38,"column":20}},{"start":{"line":39,"column":14},"end":{"line":39,"column":20}}]},"4":{"line":40,"type":"switch","locations":[{"start":{"line":42,"column":8},"end":{"line":47,"column":18}},{"start":{"line":49,"column":8},"end":{"line":52,"column":18}}]},"5":{"line":44,"type":"binary-expr","locations":[{"start":{"line":44,"column":16},"end":{"line":44,"column":44}},{"start":{"line":44,"column":48},"end":{"line":44,"column":66}}]},"6":{"line":50,"type":"binary-expr","locations":[{"start":{"line":50,"column":21},"end":{"line":50,"column":49}},{"start":{"line":50,"column":53},"end":{"line":50,"column":72}}]},"7":{"line":64,"type":"switch","locations":[{"start":{"line":69,"column":4},"end":{"line":70,"column":14}},{"start":{"line":75,"column":4},"end":{"line":76,"column":14}}]},"8":{"line":85,"type":"switch","locations":[{"start":{"line":90,"column":4},"end":{"line":105,"column":14}},{"start":{"line":111,"column":4},"end":{"line":193,"column":14},"skip":true}]},"9":{"line":91,"type":"binary-expr","locations":[{"start":{"line":91,"column":42},"end":{"line":91,"column":73}},{"start":{"line":91,"column":77},"end":{"line":99,"column":9}}]},"10":{"line":102,"type":"binary-expr","locations":[{"start":{"line":102,"column":18},"end":{"line":102,"column":32}},{"start":{"line":103,"column":12},"end":{"line":103,"column":53}},{"start":{"line":104,"column":12},"end":{"line":104,"column":61}}]},"11":{"line":112,"type":"binary-expr","locations":[{"start":{"line":112,"column":45},"end":{"line":112,"column":79},"skip":true},{"start":{"line":112,"column":83},"end":{"line":121,"column":9},"skip":true}]},"12":{"line":123,"type":"binary-expr","locations":[{"start":{"line":123,"column":42},"end":{"line":123,"column":73},"skip":true},{"start":{"line":123,"column":77},"end":{"line":136,"column":9},"skip":true}]},"13":{"line":138,"type":"binary-expr","locations":[{"start":{"line":138,"column":48},"end":{"line":138,"column":85},"skip":true},{"start":{"line":139,"column":12},"end":{"line":145,"column":13},"skip":true}]},"14":{"line":147,"type":"binary-expr","locations":[{"start":{"line":147,"column":42},"end":{"line":147,"column":73},"skip":true},{"start":{"line":147,"column":77},"end":{"line":156,"column":9},"skip":true}]},"15":{"line":158,"type":"binary-expr","locations":[{"start":{"line":158,"column":45},"end":{"line":158,"column":79},"skip":true},{"start":{"line":158,"column":83},"end":{"line":167,"column":9},"skip":true}]},"16":{"line":169,"type":"binary-expr","locations":[{"start":{"line":169,"column":43},"end":{"line":169,"column":75},"skip":true},{"start":{"line":169,"column":79},"end":{"line":178,"column":9},"skip":true}]},"17":{"line":180,"type":"binary-expr","locations":[{"start":{"line":180,"column":41},"end":{"line":180,"column":71},"skip":true},{"start":{"line":180,"column":75},"end":{"line":189,"column":9},"skip":true}]}},"code":["/* istanbul instrument in package npmtest_serialport */","/*jslint","    bitwise: true,","    browser: true,","    maxerr: 8,","    maxlen: 96,","    node: true,","    nomen: true,","    regexp: true,","    stupid: true","*/","(function () {","    'use strict';","    var local;","","","","    // run shared js-env code - pre-init","    (function () {","        // init local","        local = {};","        // init modeJs","        local.modeJs = (function () {","            try {","                return typeof navigator.userAgent === 'string' &&","                    typeof document.querySelector('body') === 'object' &&","                    typeof XMLHttpRequest.prototype.open === 'function' &&","                    'browser';","            } catch (errorCaughtBrowser) {","                return module.exports &&","                    typeof process.versions.node === 'string' &&","                    typeof require('http').createServer === 'function' &&","                    'node';","            }","        }());","        // init global","        local.global = local.modeJs === 'browser'","            ? window","            : global;","        switch (local.modeJs) {","        // re-init local from window.local","        case 'browser':","            local = local.global.utility2.objectSetDefault(","                local.global.utility2_rollup || local.global.local,","                local.global.utility2","            );","            break;","        // re-init local from example.js","        case 'node':","            local = (local.global.utility2_rollup || require('utility2'))","                .requireReadme();","            break;","        }","        // export local","        local.global.local = local;","    }());","","","","    // run shared js-env code - function","    (function () {","        return;","    }());","    switch (local.modeJs) {","","","","    // run browser js-env code - function","    case 'browser':","        break;","","","","    // run node js-env code - function","    case 'node':","        break;","    }","","","","    // run shared js-env code - post-init","    (function () {","        return;","    }());","    switch (local.modeJs) {","","","","    // run browser js-env code - post-init","    case 'browser':","        local.testCase_browser_nullCase = local.testCase_browser_nullCase || function (","            options,","            onError","        ) {","        /*","         * this function will test browsers's null-case handling-behavior-behavior","         */","            onError(null, options);","        };","","        // run tests","        local.nop(local.modeTest &&","            document.querySelector('#testRunButton1') &&","            document.querySelector('#testRunButton1').click());","        break;","","","","    // run node js-env code - post-init","    /* istanbul ignore next */","    case 'node':","        local.testCase_buildApidoc_default = local.testCase_buildApidoc_default || function (","            options,","            onError","        ) {","        /*","         * this function will test buildApidoc's default handling-behavior-behavior","         */","            options = { modulePathList: module.paths };","            local.buildApidoc(options, onError);","        };","","        local.testCase_buildApp_default = local.testCase_buildApp_default || function (","            options,","            onError","        ) {","        /*","         * this function will test buildApp's default handling-behavior-behavior","         */","            local.testCase_buildReadme_default(options, local.onErrorThrow);","            local.testCase_buildLib_default(options, local.onErrorThrow);","            local.testCase_buildTest_default(options, local.onErrorThrow);","            local.testCase_buildCustomOrg_default(options, local.onErrorThrow);","            options = [];","            local.buildApp(options, onError);","        };","","        local.testCase_buildCustomOrg_default = local.testCase_buildCustomOrg_default ||","            function (options, onError) {","            /*","             * this function will test buildCustomOrg's default handling-behavior","             */","                options = {};","                local.buildCustomOrg(options, onError);","            };","","        local.testCase_buildLib_default = local.testCase_buildLib_default || function (","            options,","            onError","        ) {","        /*","         * this function will test buildLib's default handling-behavior","         */","            options = {};","            local.buildLib(options, onError);","        };","","        local.testCase_buildReadme_default = local.testCase_buildReadme_default || function (","            options,","            onError","        ) {","        /*","         * this function will test buildReadme's default handling-behavior-behavior","         */","            options = {};","            local.buildReadme(options, onError);","        };","","        local.testCase_buildTest_default = local.testCase_buildTest_default || function (","            options,","            onError","        ) {","        /*","         * this function will test buildTest's default handling-behavior","         */","            options = {};","            local.buildTest(options, onError);","        };","","        local.testCase_webpage_default = local.testCase_webpage_default || function (","            options,","            onError","        ) {","        /*","         * this function will test webpage's default handling-behavior","         */","            options = { modeCoverageMerge: true, url: local.serverLocalHost + '?modeTest=1' };","            local.browserTest(options, onError);","        };","","        // run test-server","        local.testRunServer(local);","        break;","    }","}());",""],"l":{"12":2,"14":2,"19":2,"21":2,"23":2,"24":2,"25":2,"30":1,"37":2,"40":2,"43":1,"47":1,"50":1,"52":1,"55":2,"61":2,"62":2,"64":2,"70":1,"76":1,"82":2,"83":2,"85":2,"91":1,"98":1,"102":1,"105":1,"112":1,"119":1,"120":1,"123":1,"130":1,"131":1,"132":1,"133":1,"134":1,"135":1,"138":1,"143":2,"144":2,"147":1,"154":2,"155":2,"158":1,"165":2,"166":2,"169":1,"176":2,"177":2,"180":1,"187":1,"188":1,"192":1,"193":1}},"/home/travis/build/npmtest/node-npmtest-serialport/lib.npmtest_serialport.js":{"path":"/home/travis/build/npmtest/node-npmtest-serialport/lib.npmtest_serialport.js","s":{"1":2,"2":2,"3":2,"4":2,"5":2,"6":2,"7":2,"8":1,"9":2,"10":2,"11":2,"12":2,"13":1,"14":1,"15":1,"16":1},"b":{"1":[2,1,1,1],"2":[1,1,1,1],"3":[1,1],"4":[2,2],"5":[1,1]},"f":{"1":2,"2":2,"3":2},"fnMap":{"1":{"name":"(anonymous_1)","line":12,"loc":{"start":{"line":12,"column":1},"end":{"line":12,"column":13}}},"2":{"name":"(anonymous_2)","line":19,"loc":{"start":{"line":19,"column":5},"end":{"line":19,"column":17}}},"3":{"name":"(anonymous_3)","line":23,"loc":{"start":{"line":23,"column":24},"end":{"line":23,"column":36}}}},"statementMap":{"1":{"start":{"line":12,"column":0},"end":{"line":53,"column":5}},"2":{"start":{"line":14,"column":4},"end":{"line":14,"column":14}},"3":{"start":{"line":19,"column":4},"end":{"line":52,"column":9}},"4":{"start":{"line":21,"column":8},"end":{"line":21,"column":19}},"5":{"start":{"line":23,"column":8},"end":{"line":35,"column":13}},"6":{"start":{"line":24,"column":12},"end":{"line":34,"column":13}},"7":{"start":{"line":25,"column":16},"end":{"line":28,"column":30}},"8":{"start":{"line":30,"column":16},"end":{"line":33,"column":27}},"9":{"start":{"line":37,"column":8},"end":{"line":39,"column":21}},"10":{"start":{"line":41,"column":8},"end":{"line":41,"column":54}},"11":{"start":{"line":43,"column":8},"end":{"line":43,"column":55}},"12":{"start":{"line":45,"column":8},"end":{"line":51,"column":9}},"13":{"start":{"line":46,"column":12},"end":{"line":46,"column":61}},"14":{"start":{"line":48,"column":12},"end":{"line":48,"column":35}},"15":{"start":{"line":49,"column":12},"end":{"line":49,"column":49}},"16":{"start":{"line":50,"column":12},"end":{"line":50,"column":43}}},"branchMap":{"1":{"line":25,"type":"binary-expr","locations":[{"start":{"line":25,"column":23},"end":{"line":25,"column":62}},{"start":{"line":26,"column":20},"end":{"line":26,"column":70}},{"start":{"line":27,"column":20},"end":{"line":27,"column":71}},{"start":{"line":28,"column":20},"end":{"line":28,"column":29}}]},"2":{"line":30,"type":"binary-expr","locations":[{"start":{"line":30,"column":23},"end":{"line":30,"column":37}},{"start":{"line":31,"column":20},"end":{"line":31,"column":61}},{"start":{"line":32,"column":20},"end":{"line":32,"column":70}},{"start":{"line":33,"column":20},"end":{"line":33,"column":26}}]},"3":{"line":37,"type":"cond-expr","locations":[{"start":{"line":38,"column":14},"end":{"line":38,"column":20}},{"start":{"line":39,"column":14},"end":{"line":39,"column":20}}]},"4":{"line":41,"type":"binary-expr","locations":[{"start":{"line":41,"column":16},"end":{"line":41,"column":44}},{"start":{"line":41,"column":48},"end":{"line":41,"column":53}}]},"5":{"line":45,"type":"if","locations":[{"start":{"line":45,"column":8},"end":{"line":45,"column":8}},{"start":{"line":45,"column":8},"end":{"line":45,"column":8}}]}},"code":["/* istanbul instrument in package npmtest_serialport */","/*jslint","    bitwise: true,","    browser: true,","    maxerr: 8,","    maxlen: 96,","    node: true,","    nomen: true,","    regexp: true,","    stupid: true","*/","(function () {","    'use strict';","    var local;","","","","    // run shared js-env code - pre-init","    (function () {","        // init local","        local = {};","        // init modeJs","        local.modeJs = (function () {","            try {","                return typeof navigator.userAgent === 'string' &&","                    typeof document.querySelector('body') === 'object' &&","                    typeof XMLHttpRequest.prototype.open === 'function' &&","                    'browser';","            } catch (errorCaughtBrowser) {","                return module.exports &&","                    typeof process.versions.node === 'string' &&","                    typeof require('http').createServer === 'function' &&","                    'node';","            }","        }());","        // init global","        local.global = local.modeJs === 'browser'","            ? window","            : global;","        // init utility2_rollup","        local = local.global.utility2_rollup || local;","        // init lib","        local.local = local.npmtest_serialport = local;","        // init exports","        if (local.modeJs === 'browser') {","            local.global.utility2_npmtest_serialport = local;","        } else {","            module.exports = local;","            module.exports.__dirname = __dirname;","            module.exports.module = module;","        }","    }());","}());",""],"l":{"12":2,"14":2,"19":2,"21":2,"23":2,"24":2,"25":2,"30":1,"37":2,"41":2,"43":2,"45":2,"46":1,"48":1,"49":1,"50":1}},"/home/travis/build/npmtest/node-npmtest-serialport/example.js":{"path":"/home/travis/build/npmtest/node-npmtest-serialport/example.js","s":{"1":2,"2":2,"3":2,"4":2,"5":2,"6":2,"7":2,"8":1,"9":2,"10":2,"11":2,"12":2,"13":1,"14":2,"15":2,"16":2,"17":2,"18":2,"19":0,"20":2,"21":1,"22":1,"23":1,"24":1,"25":1,"26":0,"27":0,"28":1,"29":1,"30":2,"31":0,"32":0,"33":0,"34":1,"35":2,"36":2,"37":3,"38":3,"39":3,"40":3,"41":0,"42":3,"43":3,"44":3,"45":1,"46":3,"47":1,"48":1,"49":1,"50":1,"51":1,"52":1,"53":1,"54":1,"55":1,"56":1,"57":0,"58":1,"59":6,"60":6,"61":1,"62":2,"63":0,"64":2,"65":1,"66":1,"67":0,"68":0,"69":0,"70":0,"71":0,"72":0,"73":0,"74":0,"75":0,"76":0,"77":0,"78":0,"79":0,"80":0,"81":0,"82":0,"83":0},"b":{"1":[2,1,1,1],"2":[1,1,1,1],"3":[1,1],"4":[2,2],"5":[1,1],"6":[1,1],"7":[2,0],"8":[2,1,1,1,1,1],"9":[0,2,0],"10":[1,1],"11":[2,1,1],"12":[1,0],"13":[0,2],"14":[2,0,0,0,0,0,0],"15":[0,3],"16":[3,0],"17":[1,1],"18":[0,1],"19":[1,2,0,2],"20":[1,0],"21":[1,1],"22":[0,0],"23":[0,0],"24":[0,0],"25":[0,0],"26":[0,0],"27":[0,0],"28":[0,0]},"f":{"1":2,"2":2,"3":2,"4":2,"5":2,"6":2,"7":3,"8":3,"9":3,"10":1,"11":6,"12":0},"fnMap":{"1":{"name":"(anonymous_1)","line":26,"loc":{"start":{"line":26,"column":1},"end":{"line":26,"column":13}}},"2":{"name":"(anonymous_2)","line":33,"loc":{"start":{"line":33,"column":5},"end":{"line":33,"column":17}}},"3":{"name":"(anonymous_3)","line":37,"loc":{"start":{"line":37,"column":24},"end":{"line":37,"column":36}}},"4":{"name":"(anonymous_4)","line":69,"loc":{"start":{"line":69,"column":31},"end":{"line":69,"column":48}},"skip":true},"5":{"name":"(anonymous_5)","line":78,"loc":{"start":{"line":78,"column":26},"end":{"line":78,"column":45}},"skip":true},"6":{"name":"(anonymous_6)","line":123,"loc":{"start":{"line":123,"column":33},"end":{"line":123,"column":48}},"skip":true},"7":{"name":"(anonymous_7)","line":125,"loc":{"start":{"line":125,"column":27},"end":{"line":125,"column":39}},"skip":true},"8":{"name":"(anonymous_8)","line":133,"loc":{"start":{"line":133,"column":59},"end":{"line":133,"column":74}},"skip":true},"9":{"name":"(anonymous_9)","line":143,"loc":{"start":{"line":143,"column":45},"end":{"line":143,"column":62}},"skip":true},"10":{"name":"(anonymous_10)","line":144,"loc":{"start":{"line":144,"column":73},"end":{"line":144,"column":92}},"skip":true},"11":{"name":"(anonymous_11)","line":272,"loc":{"start":{"line":272,"column":51},"end":{"line":272,"column":77}},"skip":true},"12":{"name":"(anonymous_12)","line":315,"loc":{"start":{"line":315,"column":32},"end":{"line":315,"column":61}},"skip":true}},"statementMap":{"1":{"start":{"line":26,"column":0},"end":{"line":326,"column":5}},"2":{"start":{"line":28,"column":4},"end":{"line":28,"column":14}},"3":{"start":{"line":33,"column":4},"end":{"line":60,"column":9}},"4":{"start":{"line":35,"column":8},"end":{"line":35,"column":19}},"5":{"start":{"line":37,"column":8},"end":{"line":49,"column":13}},"6":{"start":{"line":38,"column":12},"end":{"line":48,"column":13}},"7":{"start":{"line":39,"column":16},"end":{"line":42,"column":30}},"8":{"start":{"line":44,"column":16},"end":{"line":47,"column":27}},"9":{"start":{"line":51,"column":8},"end":{"line":53,"column":21}},"10":{"start":{"line":55,"column":8},"end":{"line":57,"column":45}},"11":{"start":{"line":59,"column":8},"end":{"line":59,"column":35}},"12":{"start":{"line":61,"column":4},"end":{"line":325,"column":5}},"13":{"start":{"line":69,"column":8},"end":{"line":121,"column":10},"skip":true},"14":{"start":{"line":70,"column":12},"end":{"line":88,"column":13},"skip":true},"15":{"start":{"line":76,"column":16},"end":{"line":87,"column":19},"skip":true},"16":{"start":{"line":79,"column":20},"end":{"line":86,"column":21},"skip":true},"17":{"start":{"line":82,"column":24},"end":{"line":82,"column":43},"skip":true},"18":{"start":{"line":83,"column":24},"end":{"line":83,"column":30},"skip":true},"19":{"start":{"line":85,"column":24},"end":{"line":85,"column":49},"skip":true},"20":{"start":{"line":89,"column":12},"end":{"line":107,"column":13},"skip":true},"21":{"start":{"line":92,"column":16},"end":{"line":102,"column":17},"skip":true},"22":{"start":{"line":93,"column":20},"end":{"line":93,"column":86},"skip":true},"23":{"start":{"line":94,"column":20},"end":{"line":95,"column":45},"skip":true},"24":{"start":{"line":96,"column":20},"end":{"line":96,"column":42},"skip":true},"25":{"start":{"line":97,"column":20},"end":{"line":97,"column":48},"skip":true},"26":{"start":{"line":100,"column":20},"end":{"line":100,"column":85},"skip":true},"27":{"start":{"line":101,"column":20},"end":{"line":101,"column":96},"skip":true},"28":{"start":{"line":103,"column":16},"end":{"line":103,"column":22},"skip":true},"29":{"start":{"line":106,"column":16},"end":{"line":106,"column":22},"skip":true},"30":{"start":{"line":108,"column":12},"end":{"line":120,"column":13},"skip":true},"31":{"start":{"line":114,"column":16},"end":{"line":119,"column":17},"skip":true},"32":{"start":{"line":116,"column":20},"end":{"line":116,"column":78},"skip":true},"33":{"start":{"line":118,"column":20},"end":{"line":118,"column":47},"skip":true},"34":{"start":{"line":123,"column":8},"end":{"line":141,"column":11},"skip":true},"35":{"start":{"line":124,"column":12},"end":{"line":124,"column":54},"skip":true},"36":{"start":{"line":125,"column":12},"end":{"line":140,"column":14},"skip":true},"37":{"start":{"line":126,"column":16},"end":{"line":126,"column":28},"skip":true},"38":{"start":{"line":127,"column":16},"end":{"line":127,"column":69},"skip":true},"39":{"start":{"line":128,"column":16},"end":{"line":128,"column":75},"skip":true},"40":{"start":{"line":129,"column":16},"end":{"line":131,"column":17},"skip":true},"41":{"start":{"line":130,"column":20},"end":{"line":130,"column":27},"skip":true},"42":{"start":{"line":133,"column":16},"end":{"line":137,"column":36},"skip":true},"43":{"start":{"line":134,"column":20},"end":{"line":136,"column":55},"skip":true},"44":{"start":{"line":139,"column":16},"end":{"line":139,"column":57},"skip":true},"45":{"start":{"line":143,"column":8},"end":{"line":147,"column":11},"skip":true},"46":{"start":{"line":144,"column":12},"end":{"line":146,"column":15},"skip":true},"47":{"start":{"line":145,"column":16},"end":{"line":145,"column":70},"skip":true},"48":{"start":{"line":149,"column":8},"end":{"line":149,"column":31},"skip":true},"49":{"start":{"line":150,"column":8},"end":{"line":150,"column":14},"skip":true},"50":{"start":{"line":158,"column":8},"end":{"line":158,"column":31},"skip":true},"51":{"start":{"line":160,"column":8},"end":{"line":160,"column":33},"skip":true},"52":{"start":{"line":161,"column":8},"end":{"line":161,"column":37},"skip":true},"53":{"start":{"line":162,"column":8},"end":{"line":162,"column":35},"skip":true},"54":{"start":{"line":164,"column":8},"end":{"line":164,"column":50},"skip":true},"55":{"start":{"line":166,"column":8},"end":{"line":256,"column":2},"skip":true},"56":{"start":{"line":258,"column":8},"end":{"line":286,"column":9},"skip":true},"57":{"start":{"line":259,"column":12},"end":{"line":269,"column":14},"skip":true},"58":{"start":{"line":271,"column":12},"end":{"line":285,"column":19},"skip":true},"59":{"start":{"line":274,"column":20},"end":{"line":274,"column":35},"skip":true},"60":{"start":{"line":275,"column":20},"end":{"line":284,"column":21},"skip":true},"61":{"start":{"line":277,"column":24},"end":{"line":277,"column":64},"skip":true},"62":{"start":{"line":279,"column":24},"end":{"line":279,"column":40},"skip":true},"63":{"start":{"line":281,"column":24},"end":{"line":281,"column":40},"skip":true},"64":{"start":{"line":283,"column":24},"end":{"line":283,"column":39},"skip":true},"65":{"start":{"line":288,"column":8},"end":{"line":290,"column":9},"skip":true},"66":{"start":{"line":289,"column":12},"end":{"line":289,"column":18},"skip":true},"67":{"start":{"line":291,"column":8},"end":{"line":293,"column":54},"skip":true},"68":{"start":{"line":296,"column":8},"end":{"line":301,"column":37},"skip":true},"69":{"start":{"line":303,"column":8},"end":{"line":303,"column":82},"skip":true},"70":{"start":{"line":306,"column":8},"end":{"line":308,"column":9},"skip":true},"71":{"start":{"line":307,"column":12},"end":{"line":307,"column":82},"skip":true},"72":{"start":{"line":310,"column":8},"end":{"line":312,"column":9},"skip":true},"73":{"start":{"line":311,"column":12},"end":{"line":311,"column":18},"skip":true},"74":{"start":{"line":313,"column":8},"end":{"line":313,"column":54},"skip":true},"75":{"start":{"line":314,"column":8},"end":{"line":314,"column":69},"skip":true},"76":{"start":{"line":315,"column":8},"end":{"line":323,"column":36},"skip":true},"77":{"start":{"line":316,"column":12},"end":{"line":316,"column":61},"skip":true},"78":{"start":{"line":317,"column":12},"end":{"line":320,"column":13},"skip":true},"79":{"start":{"line":318,"column":16},"end":{"line":318,"column":75},"skip":true},"80":{"start":{"line":319,"column":16},"end":{"line":319,"column":23},"skip":true},"81":{"start":{"line":321,"column":12},"end":{"line":321,"column":38},"skip":true},"82":{"start":{"line":322,"column":12},"end":{"line":322,"column":27},"skip":true},"83":{"start":{"line":324,"column":8},"end":{"line":324,"column":14},"skip":true}},"branchMap":{"1":{"line":39,"type":"binary-expr","locations":[{"start":{"line":39,"column":23},"end":{"line":39,"column":62}},{"start":{"line":40,"column":20},"end":{"line":40,"column":70}},{"start":{"line":41,"column":20},"end":{"line":41,"column":71}},{"start":{"line":42,"column":20},"end":{"line":42,"column":29}}]},"2":{"line":44,"type":"binary-expr","locations":[{"start":{"line":44,"column":23},"end":{"line":44,"column":37}},{"start":{"line":45,"column":20},"end":{"line":45,"column":61}},{"start":{"line":46,"column":20},"end":{"line":46,"column":70}},{"start":{"line":47,"column":20},"end":{"line":47,"column":26}}]},"3":{"line":51,"type":"cond-expr","locations":[{"start":{"line":52,"column":14},"end":{"line":52,"column":20}},{"start":{"line":53,"column":14},"end":{"line":53,"column":20}}]},"4":{"line":55,"type":"binary-expr","locations":[{"start":{"line":55,"column":16},"end":{"line":55,"column":44}},{"start":{"line":55,"column":49},"end":{"line":57,"column":43}}]},"5":{"line":55,"type":"cond-expr","locations":[{"start":{"line":56,"column":14},"end":{"line":56,"column":54}},{"start":{"line":57,"column":14},"end":{"line":57,"column":43}}]},"6":{"line":61,"type":"switch","locations":[{"start":{"line":68,"column":4},"end":{"line":150,"column":14},"skip":true},{"start":{"line":156,"column":4},"end":{"line":324,"column":14},"skip":true}]},"7":{"line":70,"type":"if","locations":[{"start":{"line":70,"column":12},"end":{"line":70,"column":12},"skip":true},{"start":{"line":70,"column":12},"end":{"line":70,"column":12},"skip":true}]},"8":{"line":70,"type":"binary-expr","locations":[{"start":{"line":70,"column":16},"end":{"line":70,"column":22},"skip":true},{"start":{"line":70,"column":27},"end":{"line":70,"column":32},"skip":true},{"start":{"line":71,"column":20},"end":{"line":71,"column":39},"skip":true},{"start":{"line":72,"column":20},"end":{"line":72,"column":49},"skip":true},{"start":{"line":73,"column":20},"end":{"line":73,"column":58},"skip":true},{"start":{"line":74,"column":20},"end":{"line":74,"column":69},"skip":true}]},"9":{"line":79,"type":"switch","locations":[{"start":{"line":80,"column":20},"end":{"line":80,"column":33},"skip":true},{"start":{"line":81,"column":20},"end":{"line":83,"column":30},"skip":true},{"start":{"line":84,"column":20},"end":{"line":85,"column":49},"skip":true}]},"10":{"line":89,"type":"switch","locations":[{"start":{"line":90,"column":12},"end":{"line":103,"column":22},"skip":true},{"start":{"line":105,"column":12},"end":{"line":106,"column":22},"skip":true}]},"11":{"line":89,"type":"binary-expr","locations":[{"start":{"line":89,"column":20},"end":{"line":89,"column":25},"skip":true},{"start":{"line":89,"column":29},"end":{"line":89,"column":48},"skip":true},{"start":{"line":89,"column":52},"end":{"line":89,"column":74},"skip":true}]},"12":{"line":92,"type":"if","locations":[{"start":{"line":92,"column":16},"end":{"line":92,"column":16},"skip":true},{"start":{"line":92,"column":16},"end":{"line":92,"column":16},"skip":true}]},"13":{"line":108,"type":"if","locations":[{"start":{"line":108,"column":12},"end":{"line":108,"column":12},"skip":true},{"start":{"line":108,"column":12},"end":{"line":108,"column":12},"skip":true}]},"14":{"line":108,"type":"binary-expr","locations":[{"start":{"line":108,"column":16},"end":{"line":108,"column":61},"skip":true},{"start":{"line":108,"column":66},"end":{"line":108,"column":72},"skip":true},{"start":{"line":108,"column":77},"end":{"line":108,"column":82},"skip":true},{"start":{"line":109,"column":20},"end":{"line":109,"column":39},"skip":true},{"start":{"line":110,"column":20},"end":{"line":110,"column":49},"skip":true},{"start":{"line":111,"column":20},"end":{"line":111,"column":58},"skip":true},{"start":{"line":112,"column":20},"end":{"line":112,"column":68},"skip":true}]},"15":{"line":129,"type":"if","locations":[{"start":{"line":129,"column":16},"end":{"line":129,"column":16},"skip":true},{"start":{"line":129,"column":16},"end":{"line":129,"column":16},"skip":true}]},"16":{"line":134,"type":"cond-expr","locations":[{"start":{"line":135,"column":26},"end":{"line":135,"column":29},"skip":true},{"start":{"line":136,"column":26},"end":{"line":136,"column":54},"skip":true}]},"17":{"line":164,"type":"binary-expr","locations":[{"start":{"line":164,"column":27},"end":{"line":164,"column":43},"skip":true},{"start":{"line":164,"column":47},"end":{"line":164,"column":49},"skip":true}]},"18":{"line":258,"type":"if","locations":[{"start":{"line":258,"column":8},"end":{"line":258,"column":8},"skip":true},{"start":{"line":258,"column":8},"end":{"line":258,"column":8},"skip":true}]},"19":{"line":275,"type":"switch","locations":[{"start":{"line":276,"column":20},"end":{"line":277,"column":64},"skip":true},{"start":{"line":278,"column":20},"end":{"line":279,"column":40},"skip":true},{"start":{"line":280,"column":20},"end":{"line":281,"column":40},"skip":true},{"start":{"line":282,"column":20},"end":{"line":283,"column":39},"skip":true}]},"20":{"line":288,"type":"if","locations":[{"start":{"line":288,"column":8},"end":{"line":288,"column":8},"skip":true},{"start":{"line":288,"column":8},"end":{"line":288,"column":8},"skip":true}]},"21":{"line":288,"type":"binary-expr","locations":[{"start":{"line":288,"column":12},"end":{"line":288,"column":40},"skip":true},{"start":{"line":288,"column":44},"end":{"line":288,"column":67},"skip":true}]},"22":{"line":292,"type":"binary-expr","locations":[{"start":{"line":292,"column":12},"end":{"line":292,"column":50},"skip":true},{"start":{"line":293,"column":12},"end":{"line":293,"column":53},"skip":true}]},"23":{"line":297,"type":"binary-expr","locations":[{"start":{"line":297,"column":12},"end":{"line":297,"column":68},"skip":true},{"start":{"line":298,"column":12},"end":{"line":301,"column":36},"skip":true}]},"24":{"line":303,"type":"binary-expr","locations":[{"start":{"line":303,"column":43},"end":{"line":303,"column":75},"skip":true},{"start":{"line":303,"column":79},"end":{"line":303,"column":81},"skip":true}]},"25":{"line":306,"type":"if","locations":[{"start":{"line":306,"column":8},"end":{"line":306,"column":8},"skip":true},{"start":{"line":306,"column":8},"end":{"line":306,"column":8},"skip":true}]},"26":{"line":310,"type":"if","locations":[{"start":{"line":310,"column":8},"end":{"line":310,"column":8},"skip":true},{"start":{"line":310,"column":8},"end":{"line":310,"column":8},"skip":true}]},"27":{"line":313,"type":"binary-expr","locations":[{"start":{"line":313,"column":27},"end":{"line":313,"column":43},"skip":true},{"start":{"line":313,"column":47},"end":{"line":313,"column":53},"skip":true}]},"28":{"line":317,"type":"if","locations":[{"start":{"line":317,"column":12},"end":{"line":317,"column":12},"skip":true},{"start":{"line":317,"column":12},"end":{"line":317,"column":12},"skip":true}]}},"code":["/*","example.js","","quickstart example","","instruction","    1. save this script as example.js","    2. run the shell command:","        $ npm install npmtest-serialport && PORT=8081 node example.js","    3. play with the browser-demo on http://127.0.0.1:8081","*/","","","","/* istanbul instrument in package npmtest_serialport */","/*jslint","    bitwise: true,","    browser: true,","    maxerr: 8,","    maxlen: 96,","    node: true,","    nomen: true,","    regexp: true,","    stupid: true","*/","(function () {","    'use strict';","    var local;","","","","    // run shared js-env code - pre-init","    (function () {","        // init local","        local = {};","        // init modeJs","        local.modeJs = (function () {","            try {","                return typeof navigator.userAgent === 'string' &&","                    typeof document.querySelector('body') === 'object' &&","                    typeof XMLHttpRequest.prototype.open === 'function' &&","                    'browser';","            } catch (errorCaughtBrowser) {","                return module.exports &&","                    typeof process.versions.node === 'string' &&","                    typeof require('http').createServer === 'function' &&","                    'node';","            }","        }());","        // init global","        local.global = local.modeJs === 'browser'","            ? window","            : global;","        // init utility2_rollup","        local = local.global.utility2_rollup || (local.modeJs === 'browser'","            ? local.global.utility2_npmtest_serialport","            : global.utility2_moduleExports);","        // export local","        local.global.local = local;","    }());","    switch (local.modeJs) {","","","","    // post-init","    // run browser js-env code - post-init","    /* istanbul ignore next */","    case 'browser':","        local.testRunBrowser = function (event) {","            if (!event || (event &&","                    event.currentTarget &&","                    event.currentTarget.className &&","                    event.currentTarget.className.includes &&","                    event.currentTarget.className.includes('onreset'))) {","                // reset output","                Array.from(","                    document.querySelectorAll('body > .resettable')","                ).forEach(function (element) {","                    switch (element.tagName) {","                    case 'INPUT':","                    case 'TEXTAREA':","                        element.value = '';","                        break;","                    default:","                        element.textContent = '';","                    }","                });","            }","            switch (event && event.currentTarget && event.currentTarget.id) {","            case 'testRunButton1':","                // show tests","                if (document.querySelector('#testReportDiv1').style.display === 'none') {","                    document.querySelector('#testReportDiv1').style.display = 'block';","                    document.querySelector('#testRunButton1').textContent =","                        'hide internal test';","                    local.modeTest = true;","                    local.testRunDefault(local);","                // hide tests","                } else {","                    document.querySelector('#testReportDiv1').style.display = 'none';","                    document.querySelector('#testRunButton1').textContent = 'run internal test';","                }","                break;","            // custom-case","            default:","                break;","            }","            if (document.querySelector('#inputTextareaEval1') && (!event || (event &&","                    event.currentTarget &&","                    event.currentTarget.className &&","                    event.currentTarget.className.includes &&","                    event.currentTarget.className.includes('oneval')))) {","                // try to eval input-code","                try {","                    /*jslint evil: true*/","                    eval(document.querySelector('#inputTextareaEval1').value);","                } catch (errorCaught) {","                    console.error(errorCaught);","                }","            }","        };","        // log stderr and stdout to #outputTextareaStdout1","        ['error', 'log'].forEach(function (key) {","            console[key + '_original'] = console[key];","            console[key] = function () {","                var element;","                console[key + '_original'].apply(console, arguments);","                element = document.querySelector('#outputTextareaStdout1');","                if (!element) {","                    return;","                }","                // append text to #outputTextareaStdout1","                element.value += Array.from(arguments).map(function (arg) {","                    return typeof arg === 'string'","                        ? arg","                        : JSON.stringify(arg, null, 4);","                }).join(' ') + '\\n';","                // scroll textarea to bottom","                element.scrollTop = element.scrollHeight;","            };","        });","        // init event-handling","        ['change', 'click', 'keyup'].forEach(function (event) {","            Array.from(document.querySelectorAll('.on' + event)).forEach(function (element) {","                element.addEventListener(event, local.testRunBrowser);","            });","        });","        // run tests","        local.testRunBrowser();","        break;","","","","    // run node js-env code - post-init","    /* istanbul ignore next */","    case 'node':","        // export local","        module.exports = local;","        // require modules","        local.fs = require('fs');","        local.http = require('http');","        local.url = require('url');","        // init assets","        local.assetsDict = local.assetsDict || {};","        /* jslint-ignore-begin */","        local.assetsDict['/assets.index.template.html'] = '\\","<!doctype html>\\n\\","<html lang=\"en\">\\n\\","<head>\\n\\","<meta charset=\"UTF-8\">\\n\\","<meta name=\"viewport\" content=\"width=device-width, initial-scale=1\">\\n\\","<title>{{env.npm_package_name}} (v{{env.npm_package_version}})</title>\\n\\","<style>\\n\\","/*csslint\\n\\","    box-sizing: false,\\n\\","    universal-selector: false\\n\\","*/\\n\\","* {\\n\\","    box-sizing: border-box;\\n\\","}\\n\\","body {\\n\\","    background: #dde;\\n\\","    font-family: Arial, Helvetica, sans-serif;\\n\\","    margin: 2rem;\\n\\","}\\n\\","body > * {\\n\\","    margin-bottom: 1rem;\\n\\","}\\n\\",".utility2FooterDiv {\\n\\","    margin-top: 20px;\\n\\","    text-align: center;\\n\\","}\\n\\","</style>\\n\\","<style>\\n\\","/*csslint\\n\\","*/\\n\\","textarea {\\n\\","    font-family: monospace;\\n\\","    height: 10rem;\\n\\","    width: 100%;\\n\\","}\\n\\","textarea[readonly] {\\n\\","    background: #ddd;\\n\\","}\\n\\","</style>\\n\\","</head>\\n\\","<body>\\n\\","<!-- utility2-comment\\n\\","<div id=\"ajaxProgressDiv1\" style=\"background: #d00; height: 2px; left: 0; margin: 0; padding: 0; position: fixed; top: 0; transition: background 0.5s, width 1.5s; width: 25%;\"></div>\\n\\","utility2-comment -->\\n\\","<h1>\\n\\","<!-- utility2-comment\\n\\","    <a\\n\\","        {{#if env.npm_package_homepage}}\\n\\","        href=\"{{env.npm_package_homepage}}\"\\n\\","        {{/if env.npm_package_homepage}}\\n\\","        target=\"_blank\"\\n\\","    >\\n\\","utility2-comment -->\\n\\","        {{env.npm_package_name}} (v{{env.npm_package_version}})\\n\\","<!-- utility2-comment\\n\\","    </a>\\n\\","utility2-comment -->\\n\\","</h1>\\n\\","<h3>{{env.npm_package_description}}</h3>\\n\\","<!-- utility2-comment\\n\\","<h4><a download href=\"assets.app.js\">download standalone app</a></h4>\\n\\","<button class=\"onclick onreset\" id=\"testRunButton1\">run internal test</button><br>\\n\\","<div id=\"testReportDiv1\" style=\"display: none;\"></div>\\n\\","utility2-comment -->\\n\\","\\n\\","\\n\\","\\n\\","<label>stderr and stdout</label>\\n\\","<textarea class=\"resettable\" id=\"outputTextareaStdout1\" readonly></textarea>\\n\\","<!-- utility2-comment\\n\\","{{#if isRollup}}\\n\\","<script src=\"assets.app.js\"></script>\\n\\","{{#unless isRollup}}\\n\\","utility2-comment -->\\n\\","<script src=\"assets.utility2.rollup.js\"></script>\\n\\","<script src=\"jsonp.utility2._stateInit?callback=window.utility2._stateInit\"></script>\\n\\","<script src=\"assets.npmtest_serialport.rollup.js\"></script>\\n\\","<script src=\"assets.example.js\"></script>\\n\\","<script src=\"assets.test.js\"></script>\\n\\","<!-- utility2-comment\\n\\","{{/if isRollup}}\\n\\","utility2-comment -->\\n\\","<div class=\"utility2FooterDiv\">\\n\\","    [ this app was created with\\n\\","    <a href=\"https://github.com/kaizhu256/node-utility2\" target=\"_blank\">utility2</a>\\n\\","    ]\\n\\","</div>\\n\\","</body>\\n\\","</html>\\n\\","';","        /* jslint-ignore-end */","        if (local.templateRender) {","            local.assetsDict['/'] = local.templateRender(","                local.assetsDict['/assets.index.template.html'],","                {","                    env: local.objectSetDefault(local.env, {","                        npm_package_description: 'the greatest app in the world!',","                        npm_package_name: 'my-app',","                        npm_package_nameAlias: 'my_app',","                        npm_package_version: '0.0.1'","                    })","                }","            );","        } else {","            local.assetsDict['/'] = local.assetsDict['/assets.index.template.html']","                .replace((/\\{\\{env\\.(\\w+?)\\}\\}/g), function (match0, match1) {","                    // jslint-hack","                    String(match0);","                    switch (match1) {","                    case 'npm_package_description':","                        return 'the greatest app in the world!';","                    case 'npm_package_name':","                        return 'my-app';","                    case 'npm_package_nameAlias':","                        return 'my_app';","                    case 'npm_package_version':","                        return '0.0.1';","                    }","                });","        }","        // run the cli","        if (local.global.utility2_rollup || module !== require.main) {","            break;","        }","        local.assetsDict['/assets.example.js'] =","            local.assetsDict['/assets.example.js'] ||","            local.fs.readFileSync(__filename, 'utf8');","        // bug-workaround - long $npm_package_buildCustomOrg","        /* jslint-ignore-begin */","        local.assetsDict['/assets.npmtest_serialport.rollup.js'] =","            local.assetsDict['/assets.npmtest_serialport.rollup.js'] ||","            local.fs.readFileSync(","                local.npmtest_serialport.__dirname + '/lib.npmtest_serialport.js',","                'utf8'","            ).replace((/^#!/), '//');","        /* jslint-ignore-end */","        local.assetsDict['/favicon.ico'] = local.assetsDict['/favicon.ico'] || '';","        // if $npm_config_timeout_exit exists,","        // then exit this process after $npm_config_timeout_exit ms","        if (Number(process.env.npm_config_timeout_exit)) {","            setTimeout(process.exit, Number(process.env.npm_config_timeout_exit));","        }","        // start server","        if (local.global.utility2_serverHttp1) {","            break;","        }","        process.env.PORT = process.env.PORT || '8081';","        console.error('server starting on port ' + process.env.PORT);","        local.http.createServer(function (request, response) {","            request.urlParsed = local.url.parse(request.url);","            if (local.assetsDict[request.urlParsed.pathname] !== undefined) {","                response.end(local.assetsDict[request.urlParsed.pathname]);","                return;","            }","            response.statusCode = 404;","            response.end();","        }).listen(process.env.PORT);","        break;","    }","}());",""],"l":{"26":2,"28":2,"33":2,"35":2,"37":2,"38":2,"39":2,"44":1,"51":2,"55":2,"59":2,"61":2,"69":1,"70":2,"76":2,"79":2,"82":2,"83":2,"85":1,"89":2,"92":1,"93":1,"94":1,"96":1,"97":1,"100":1,"101":1,"103":1,"106":1,"108":2,"114":1,"116":1,"118":1,"123":1,"124":2,"125":2,"126":3,"127":3,"128":3,"129":3,"130":1,"133":3,"134":3,"139":3,"143":1,"144":3,"145":1,"149":1,"150":1,"158":1,"160":1,"161":1,"162":1,"164":1,"166":1,"258":1,"259":1,"271":1,"274":6,"275":6,"277":1,"279":2,"281":1,"283":2,"288":1,"289":1,"291":1,"296":1,"303":1,"306":1,"307":1,"310":1,"311":1,"313":1,"314":1,"315":1,"316":1,"317":1,"318":1,"319":1,"321":1,"322":1,"324":1}},"/home/travis/build/npmtest/node-npmtest-serialport/node_modules/serialport/lib/serialport.js":{"path":"/home/travis/build/npmtest/node-npmtest-serialport/node_modules/serialport/lib/serialport.js","s":{"1":1,"2":1,"3":1,"4":1,"5":1,"6":1,"7":1,"8":1,"9":1,"10":1,"11":1,"12":1,"13":1,"14":1,"15":1,"16":1,"17":1,"18":1,"19":0,"20":0,"21":0,"22":0,"23":0,"24":0,"25":0,"26":1,"27":0,"28":0,"29":0,"30":0,"31":0,"32":0,"33":0,"34":0,"35":0,"36":0,"37":0,"38":0,"39":0,"40":0,"41":0,"42":0,"43":0,"44":0,"45":0,"46":0,"47":0,"48":0,"49":0,"50":0,"51":0,"52":0,"53":0,"54":0,"55":0,"56":0,"57":0,"58":0,"59":0,"60":0,"61":0,"62":0,"63":1,"64":1,"65":0,"66":0,"67":0,"68":1,"69":0,"70":0,"71":0,"72":0,"73":0,"74":0,"75":0,"76":0,"77":0,"78":0,"79":0,"80":0,"81":0,"82":0,"83":0,"84":0,"85":0,"86":0,"87":0,"88":0,"89":0,"90":0,"91":0,"92":0,"93":1,"94":0,"95":0,"96":0,"97":0,"98":0,"99":0,"100":0,"101":0,"102":0,"103":0,"104":0,"105":1,"106":0,"107":1,"108":0,"109":0,"110":0,"111":0,"112":0,"113":0,"114":0,"115":0,"116":0,"117":0,"118":0,"119":0,"120":1,"121":1,"122":0,"123":0,"124":0,"125":0,"126":0,"127":0,"128":0,"129":0,"130":0,"131":0,"132":0,"133":0,"134":0,"135":0,"136":0,"137":0,"138":0,"139":0,"140":0,"141":0,"142":0,"143":0,"144":0,"145":0,"146":0,"147":0,"148":0,"149":0,"150":0,"151":0,"152":0,"153":0,"154":0,"155":0,"156":0,"157":0,"158":0,"159":0,"160":0,"161":1,"162":0,"163":1,"164":0,"165":1,"166":0,"167":0,"168":0,"169":0,"170":0,"171":0,"172":0,"173":0,"174":1,"175":0,"176":0,"177":0,"178":0,"179":0,"180":0,"181":0,"182":0,"183":0,"184":0,"185":0,"186":0,"187":0,"188":0,"189":0,"190":0,"191":1,"192":0,"193":0,"194":0,"195":0,"196":0,"197":0,"198":0,"199":0,"200":0,"201":0,"202":0,"203":0,"204":0,"205":0,"206":0,"207":0,"208":0,"209":0,"210":0,"211":0,"212":1,"213":0,"214":0,"215":0,"216":0,"217":0,"218":0,"219":0,"220":0,"221":0,"222":1,"223":0,"224":0,"225":0,"226":0,"227":0,"228":0,"229":0,"230":0,"231":0,"232":0,"233":0,"234":0,"235":0,"236":0,"237":0,"238":0,"239":0,"240":0,"241":0,"242":1,"243":0,"244":0,"245":0,"246":0,"247":0,"248":0,"249":0,"250":0,"251":0,"252":1,"253":1,"254":1,"255":0,"256":0,"257":0,"258":1},"b":{"1":[0,0],"2":[0,0],"3":[0,0],"4":[0,0],"5":[0,0],"6":[0,0],"7":[0,0],"8":[0,0],"9":[0,0],"10":[0,0],"11":[0,0],"12":[0,0],"13":[0,0],"14":[0,0],"15":[0,0],"16":[0,0],"17":[0,0],"18":[0,0],"19":[0,0],"20":[0,0],"21":[0,0],"22":[0,0],"23":[0,0],"24":[0,0],"25":[0,0],"26":[0,0],"27":[0,0],"28":[1,0],"29":[0,0],"30":[0,0,0,0],"31":[0,0],"32":[0,0],"33":[0,0],"34":[0,0],"35":[0,0],"36":[0,0],"37":[0,0],"38":[0,0,0,0,0],"39":[0,0],"40":[0,0],"41":[0,0],"42":[0,0],"43":[0,0],"44":[0,0],"45":[0,0],"46":[0,0],"47":[0,0],"48":[0,0],"49":[0,0],"50":[0,0],"51":[0,0],"52":[0,0],"53":[0,0],"54":[0,0],"55":[0,0],"56":[0,0],"57":[0,0],"58":[0,0],"59":[0,0],"60":[0,0],"61":[0,0],"62":[0,0],"63":[0,0],"64":[0,0],"65":[0,0],"66":[0,0],"67":[0,0]},"f":{"1":0,"2":0,"3":0,"4":0,"5":0,"6":0,"7":0,"8":0,"9":0,"10":0,"11":0,"12":0,"13":0,"14":0,"15":0,"16":0,"17":0,"18":0,"19":0,"20":0,"21":0,"22":0,"23":0,"24":0,"25":0,"26":0,"27":0,"28":0,"29":0,"30":0},"fnMap":{"1":{"name":"correctOptions","line":65,"loc":{"start":{"line":65,"column":0},"end":{"line":65,"column":33}}},"2":{"name":"(anonymous_2)","line":66,"loc":{"start":{"line":66,"column":28},"end":{"line":66,"column":43}}},"3":{"name":"SerialPort","line":77,"loc":{"start":{"line":77,"column":0},"end":{"line":77,"column":45}}},"4":{"name":"(anonymous_4)","line":116,"loc":{"start":{"line":116,"column":23},"end":{"line":116,"column":41}}},"5":{"name":"(anonymous_5)","line":146,"loc":{"start":{"line":146,"column":30},"end":{"line":146,"column":56}}},"6":{"name":"(anonymous_6)","line":154,"loc":{"start":{"line":154,"column":28},"end":{"line":154,"column":47}}},"7":{"name":"(anonymous_7)","line":168,"loc":{"start":{"line":168,"column":50},"end":{"line":168,"column":68}}},"8":{"name":"(anonymous_8)","line":178,"loc":{"start":{"line":178,"column":74},"end":{"line":178,"column":88}}},"9":{"name":"(anonymous_9)","line":193,"loc":{"start":{"line":193,"column":30},"end":{"line":193,"column":58}}},"10":{"name":"(anonymous_10)","line":203,"loc":{"start":{"line":203,"column":50},"end":{"line":203,"column":64}}},"11":{"name":"(anonymous_11)","line":211,"loc":{"start":{"line":211,"column":30},"end":{"line":211,"column":41}}},"12":{"name":"(anonymous_12)","line":215,"loc":{"start":{"line":215,"column":29},"end":{"line":215,"column":56}}},"13":{"name":"(anonymous_13)","line":226,"loc":{"start":{"line":226,"column":43},"end":{"line":226,"column":57}}},"14":{"name":"(anonymous_14)","line":236,"loc":{"start":{"line":236,"column":31},"end":{"line":236,"column":42}}},"15":{"name":"(anonymous_15)","line":256,"loc":{"start":{"line":256,"column":21},"end":{"line":256,"column":72}}},"16":{"name":"(anonymous_16)","line":303,"loc":{"start":{"line":303,"column":62},"end":{"line":303,"column":87}}},"17":{"name":"(anonymous_17)","line":312,"loc":{"start":{"line":312,"column":35},"end":{"line":312,"column":50}}},"18":{"name":"(anonymous_18)","line":316,"loc":{"start":{"line":316,"column":31},"end":{"line":316,"column":42}}},"19":{"name":"(anonymous_19)","line":320,"loc":{"start":{"line":320,"column":32},"end":{"line":320,"column":43}}},"20":{"name":"(anonymous_20)","line":338,"loc":{"start":{"line":338,"column":37},"end":{"line":338,"column":51}}},"21":{"name":"(anonymous_21)","line":355,"loc":{"start":{"line":355,"column":35},"end":{"line":355,"column":49}}},"22":{"name":"(anonymous_22)","line":365,"loc":{"start":{"line":365,"column":29},"end":{"line":365,"column":48}}},"23":{"name":"(anonymous_23)","line":385,"loc":{"start":{"line":385,"column":35},"end":{"line":385,"column":49}}},"24":{"name":"(anonymous_24)","line":398,"loc":{"start":{"line":398,"column":29},"end":{"line":398,"column":48}}},"25":{"name":"(anonymous_25)","line":404,"loc":{"start":{"line":404,"column":35},"end":{"line":404,"column":57}}},"26":{"name":"(anonymous_26)","line":413,"loc":{"start":{"line":413,"column":27},"end":{"line":413,"column":55}}},"27":{"name":"(anonymous_27)","line":435,"loc":{"start":{"line":435,"column":43},"end":{"line":435,"column":57}}},"28":{"name":"(anonymous_28)","line":444,"loc":{"start":{"line":444,"column":29},"end":{"line":444,"column":48}}},"29":{"name":"(anonymous_29)","line":450,"loc":{"start":{"line":450,"column":35},"end":{"line":450,"column":49}}},"30":{"name":"(anonymous_30)","line":464,"loc":{"start":{"line":464,"column":7},"end":{"line":464,"column":18}}}},"statementMap":{"1":{"start":{"line":6,"column":0},"end":{"line":6,"column":43}},"2":{"start":{"line":9,"column":0},"end":{"line":9,"column":52}},"3":{"start":{"line":12,"column":0},"end":{"line":12,"column":46}},"4":{"start":{"line":13,"column":0},"end":{"line":13,"column":35}},"5":{"start":{"line":16,"column":0},"end":{"line":16,"column":23}},"6":{"start":{"line":17,"column":0},"end":{"line":17,"column":31}},"7":{"start":{"line":18,"column":0},"end":{"line":18,"column":27}},"8":{"start":{"line":21,"column":0},"end":{"line":21,"column":28}},"9":{"start":{"line":22,"column":0},"end":{"line":22,"column":27}},"10":{"start":{"line":23,"column":0},"end":{"line":23,"column":54}},"11":{"start":{"line":24,"column":0},"end":{"line":24,"column":53}},"12":{"start":{"line":25,"column":0},"end":{"line":25,"column":54}},"13":{"start":{"line":28,"column":0},"end":{"line":28,"column":26}},"14":{"start":{"line":29,"column":0},"end":{"line":29,"column":24}},"15":{"start":{"line":31,"column":0},"end":{"line":46,"column":2}},"16":{"start":{"line":48,"column":0},"end":{"line":54,"column":2}},"17":{"start":{"line":57,"column":0},"end":{"line":63,"column":2}},"18":{"start":{"line":65,"column":0},"end":{"line":75,"column":1}},"19":{"start":{"line":66,"column":2},"end":{"line":73,"column":5}},"20":{"start":{"line":67,"column":4},"end":{"line":67,"column":39}},"21":{"start":{"line":68,"column":4},"end":{"line":72,"column":5}},"22":{"start":{"line":69,"column":6},"end":{"line":69,"column":37}},"23":{"start":{"line":70,"column":6},"end":{"line":70,"column":32}},"24":{"start":{"line":71,"column":6},"end":{"line":71,"column":28}},"25":{"start":{"line":74,"column":2},"end":{"line":74,"column":17}},"26":{"start":{"line":77,"column":0},"end":{"line":142,"column":1}},"27":{"start":{"line":78,"column":2},"end":{"line":80,"column":3}},"28":{"start":{"line":79,"column":4},"end":{"line":79,"column":99}},"29":{"start":{"line":82,"column":2},"end":{"line":85,"column":3}},"30":{"start":{"line":83,"column":4},"end":{"line":83,"column":23}},"31":{"start":{"line":84,"column":4},"end":{"line":84,"column":17}},"32":{"start":{"line":87,"column":2},"end":{"line":87,"column":26}},"33":{"start":{"line":89,"column":2},"end":{"line":89,"column":27}},"34":{"start":{"line":91,"column":2},"end":{"line":93,"column":3}},"35":{"start":{"line":92,"column":4},"end":{"line":92,"column":45}},"36":{"start":{"line":95,"column":2},"end":{"line":95,"column":19}},"37":{"start":{"line":97,"column":2},"end":{"line":97,"column":49}},"38":{"start":{"line":98,"column":2},"end":{"line":98,"column":63}},"39":{"start":{"line":100,"column":2},"end":{"line":102,"column":3}},"40":{"start":{"line":101,"column":4},"end":{"line":101,"column":89}},"41":{"start":{"line":104,"column":2},"end":{"line":106,"column":3}},"42":{"start":{"line":105,"column":4},"end":{"line":105,"column":68}},"43":{"start":{"line":108,"column":2},"end":{"line":110,"column":3}},"44":{"start":{"line":109,"column":4},"end":{"line":109,"column":68}},"45":{"start":{"line":112,"column":2},"end":{"line":114,"column":3}},"46":{"start":{"line":113,"column":4},"end":{"line":113,"column":64}},"47":{"start":{"line":116,"column":2},"end":{"line":120,"column":5}},"48":{"start":{"line":117,"column":4},"end":{"line":119,"column":5}},"49":{"start":{"line":118,"column":6},"end":{"line":118,"column":70}},"50":{"start":{"line":122,"column":2},"end":{"line":122,"column":64}},"51":{"start":{"line":123,"column":2},"end":{"line":123,"column":59}},"52":{"start":{"line":125,"column":2},"end":{"line":125,"column":17}},"53":{"start":{"line":126,"column":2},"end":{"line":126,"column":21}},"54":{"start":{"line":127,"column":2},"end":{"line":127,"column":23}},"55":{"start":{"line":128,"column":2},"end":{"line":128,"column":23}},"56":{"start":{"line":130,"column":2},"end":{"line":134,"column":3}},"57":{"start":{"line":131,"column":4},"end":{"line":131,"column":42}},"58":{"start":{"line":132,"column":4},"end":{"line":132,"column":25}},"59":{"start":{"line":133,"column":4},"end":{"line":133,"column":25}},"60":{"start":{"line":136,"column":2},"end":{"line":136,"column":26}},"61":{"start":{"line":138,"column":2},"end":{"line":141,"column":3}},"62":{"start":{"line":140,"column":4},"end":{"line":140,"column":53}},"63":{"start":{"line":144,"column":0},"end":{"line":144,"column":41}},"64":{"start":{"line":146,"column":0},"end":{"line":152,"column":2}},"65":{"start":{"line":147,"column":2},"end":{"line":151,"column":3}},"66":{"start":{"line":148,"column":4},"end":{"line":148,"column":31}},"67":{"start":{"line":150,"column":4},"end":{"line":150,"column":30}},"68":{"start":{"line":154,"column":0},"end":{"line":191,"column":2}},"69":{"start":{"line":155,"column":2},"end":{"line":157,"column":3}},"70":{"start":{"line":156,"column":4},"end":{"line":156,"column":68}},"71":{"start":{"line":159,"column":2},"end":{"line":161,"column":3}},"72":{"start":{"line":160,"column":4},"end":{"line":160,"column":63}},"73":{"start":{"line":163,"column":2},"end":{"line":163,"column":21}},"74":{"start":{"line":164,"column":2},"end":{"line":164,"column":23}},"75":{"start":{"line":165,"column":2},"end":{"line":165,"column":23}},"76":{"start":{"line":166,"column":2},"end":{"line":166,"column":22}},"77":{"start":{"line":168,"column":2},"end":{"line":190,"column":16}},"78":{"start":{"line":169,"column":4},"end":{"line":169,"column":25}},"79":{"start":{"line":170,"column":4},"end":{"line":173,"column":5}},"80":{"start":{"line":171,"column":6},"end":{"line":171,"column":56}},"81":{"start":{"line":172,"column":6},"end":{"line":172,"column":40}},"82":{"start":{"line":174,"column":4},"end":{"line":174,"column":17}},"83":{"start":{"line":175,"column":4},"end":{"line":175,"column":24}},"84":{"start":{"line":177,"column":4},"end":{"line":186,"column":5}},"85":{"start":{"line":178,"column":6},"end":{"line":184,"column":20}},"86":{"start":{"line":179,"column":8},"end":{"line":183,"column":9}},"87":{"start":{"line":180,"column":10},"end":{"line":180,"column":23}},"88":{"start":{"line":182,"column":10},"end":{"line":182,"column":34}},"89":{"start":{"line":185,"column":6},"end":{"line":185,"column":32}},"90":{"start":{"line":188,"column":4},"end":{"line":188,"column":22}},"91":{"start":{"line":189,"column":4},"end":{"line":189,"column":47}},"92":{"start":{"line":189,"column":20},"end":{"line":189,"column":46}},"93":{"start":{"line":193,"column":0},"end":{"line":209,"column":2}},"94":{"start":{"line":194,"column":2},"end":{"line":197,"column":3}},"95":{"start":{"line":195,"column":4},"end":{"line":195,"column":52}},"96":{"start":{"line":196,"column":4},"end":{"line":196,"column":64}},"97":{"start":{"line":199,"column":2},"end":{"line":199,"column":49}},"98":{"start":{"line":200,"column":2},"end":{"line":200,"column":63}},"99":{"start":{"line":201,"column":2},"end":{"line":201,"column":44}},"100":{"start":{"line":203,"column":2},"end":{"line":208,"column":16}},"101":{"start":{"line":204,"column":4},"end":{"line":206,"column":5}},"102":{"start":{"line":205,"column":6},"end":{"line":205,"column":40}},"103":{"start":{"line":207,"column":4},"end":{"line":207,"column":47}},"104":{"start":{"line":207,"column":20},"end":{"line":207,"column":46}},"105":{"start":{"line":211,"column":0},"end":{"line":213,"column":2}},"106":{"start":{"line":212,"column":2},"end":{"line":212,"column":43}},"107":{"start":{"line":215,"column":0},"end":{"line":233,"column":2}},"108":{"start":{"line":216,"column":2},"end":{"line":219,"column":3}},"109":{"start":{"line":217,"column":4},"end":{"line":217,"column":51}},"110":{"start":{"line":218,"column":4},"end":{"line":218,"column":64}},"111":{"start":{"line":221,"column":2},"end":{"line":223,"column":3}},"112":{"start":{"line":222,"column":4},"end":{"line":222,"column":32}},"113":{"start":{"line":225,"column":2},"end":{"line":225,"column":53}},"114":{"start":{"line":226,"column":2},"end":{"line":232,"column":16}},"115":{"start":{"line":227,"column":4},"end":{"line":230,"column":5}},"116":{"start":{"line":228,"column":6},"end":{"line":228,"column":57}},"117":{"start":{"line":229,"column":6},"end":{"line":229,"column":40}},"118":{"start":{"line":231,"column":4},"end":{"line":231,"column":47}},"119":{"start":{"line":231,"column":20},"end":{"line":231,"column":46}},"120":{"start":{"line":235,"column":0},"end":{"line":336,"column":1}},"121":{"start":{"line":236,"column":2},"end":{"line":310,"column":4}},"122":{"start":{"line":237,"column":4},"end":{"line":239,"column":5}},"123":{"start":{"line":238,"column":6},"end":{"line":238,"column":13}},"124":{"start":{"line":241,"column":4},"end":{"line":241,"column":24}},"125":{"start":{"line":243,"column":4},"end":{"line":248,"column":5}},"126":{"start":{"line":246,"column":6},"end":{"line":246,"column":40}},"127":{"start":{"line":247,"column":6},"end":{"line":247,"column":25}},"128":{"start":{"line":253,"column":4},"end":{"line":253,"column":80}},"129":{"start":{"line":254,"column":4},"end":{"line":254,"column":31}},"130":{"start":{"line":256,"column":4},"end":{"line":301,"column":17}},"131":{"start":{"line":257,"column":6},"end":{"line":257,"column":27}},"132":{"start":{"line":258,"column":6},"end":{"line":272,"column":7}},"133":{"start":{"line":259,"column":8},"end":{"line":270,"column":9}},"134":{"start":{"line":260,"column":10},"end":{"line":262,"column":11}},"135":{"start":{"line":261,"column":12},"end":{"line":261,"column":38}},"136":{"start":{"line":264,"column":15},"end":{"line":270,"column":9}},"137":{"start":{"line":265,"column":10},"end":{"line":265,"column":34}},"138":{"start":{"line":267,"column":10},"end":{"line":267,"column":25}},"139":{"start":{"line":268,"column":10},"end":{"line":268,"column":32}},"140":{"start":{"line":269,"column":10},"end":{"line":269,"column":34}},"141":{"start":{"line":271,"column":8},"end":{"line":271,"column":15}},"142":{"start":{"line":276,"column":6},"end":{"line":276,"column":51}},"143":{"start":{"line":278,"column":6},"end":{"line":300,"column":7}},"144":{"start":{"line":279,"column":8},"end":{"line":281,"column":9}},"145":{"start":{"line":280,"column":10},"end":{"line":280,"column":36}},"146":{"start":{"line":283,"column":8},"end":{"line":283,"column":58}},"147":{"start":{"line":286,"column":8},"end":{"line":292,"column":9}},"148":{"start":{"line":287,"column":10},"end":{"line":289,"column":11}},"149":{"start":{"line":288,"column":12},"end":{"line":288,"column":40}},"150":{"start":{"line":290,"column":10},"end":{"line":290,"column":56}},"151":{"start":{"line":291,"column":10},"end":{"line":291,"column":17}},"152":{"start":{"line":293,"column":8},"end":{"line":293,"column":26}},"153":{"start":{"line":296,"column":8},"end":{"line":298,"column":9}},"154":{"start":{"line":297,"column":10},"end":{"line":297,"column":17}},"155":{"start":{"line":299,"column":8},"end":{"line":299,"column":21}},"156":{"start":{"line":303,"column":4},"end":{"line":307,"column":18}},"157":{"start":{"line":304,"column":6},"end":{"line":304,"column":31}},"158":{"start":{"line":305,"column":6},"end":{"line":305,"column":34}},"159":{"start":{"line":306,"column":6},"end":{"line":306,"column":59}},"160":{"start":{"line":309,"column":4},"end":{"line":309,"column":29}},"161":{"start":{"line":312,"column":2},"end":{"line":314,"column":4}},"162":{"start":{"line":313,"column":4},"end":{"line":313,"column":36}},"163":{"start":{"line":316,"column":2},"end":{"line":318,"column":4}},"164":{"start":{"line":317,"column":4},"end":{"line":317,"column":23}},"165":{"start":{"line":320,"column":2},"end":{"line":335,"column":4}},"166":{"start":{"line":321,"column":4},"end":{"line":321,"column":24}},"167":{"start":{"line":323,"column":4},"end":{"line":327,"column":5}},"168":{"start":{"line":324,"column":6},"end":{"line":324,"column":31}},"169":{"start":{"line":325,"column":6},"end":{"line":325,"column":25}},"170":{"start":{"line":326,"column":6},"end":{"line":326,"column":29}},"171":{"start":{"line":330,"column":4},"end":{"line":332,"column":5}},"172":{"start":{"line":331,"column":6},"end":{"line":331,"column":13}},"173":{"start":{"line":334,"column":4},"end":{"line":334,"column":17}},"174":{"start":{"line":338,"column":0},"end":{"line":363,"column":2}},"175":{"start":{"line":339,"column":2},"end":{"line":339,"column":21}},"176":{"start":{"line":340,"column":2},"end":{"line":340,"column":31}},"177":{"start":{"line":341,"column":2},"end":{"line":343,"column":3}},"178":{"start":{"line":342,"column":4},"end":{"line":342,"column":11}},"179":{"start":{"line":345,"column":2},"end":{"line":347,"column":3}},"180":{"start":{"line":346,"column":4},"end":{"line":346,"column":11}},"181":{"start":{"line":349,"column":2},"end":{"line":349,"column":22}},"182":{"start":{"line":350,"column":2},"end":{"line":353,"column":3}},"183":{"start":{"line":351,"column":4},"end":{"line":351,"column":26}},"184":{"start":{"line":352,"column":4},"end":{"line":352,"column":30}},"185":{"start":{"line":355,"column":2},"end":{"line":362,"column":16}},"186":{"start":{"line":356,"column":4},"end":{"line":356,"column":25}},"187":{"start":{"line":357,"column":4},"end":{"line":359,"column":5}},"188":{"start":{"line":358,"column":6},"end":{"line":358,"column":60}},"189":{"start":{"line":360,"column":4},"end":{"line":360,"column":19}},"190":{"start":{"line":361,"column":4},"end":{"line":361,"column":23}},"191":{"start":{"line":365,"column":0},"end":{"line":396,"column":2}},"192":{"start":{"line":366,"column":2},"end":{"line":366,"column":21}},"193":{"start":{"line":368,"column":2},"end":{"line":371,"column":3}},"194":{"start":{"line":369,"column":4},"end":{"line":369,"column":58}},"195":{"start":{"line":370,"column":4},"end":{"line":370,"column":64}},"196":{"start":{"line":373,"column":2},"end":{"line":376,"column":3}},"197":{"start":{"line":374,"column":4},"end":{"line":374,"column":51}},"198":{"start":{"line":375,"column":4},"end":{"line":375,"column":64}},"199":{"start":{"line":378,"column":2},"end":{"line":378,"column":22}},"200":{"start":{"line":381,"column":2},"end":{"line":384,"column":3}},"201":{"start":{"line":382,"column":4},"end":{"line":382,"column":26}},"202":{"start":{"line":383,"column":4},"end":{"line":383,"column":30}},"203":{"start":{"line":385,"column":2},"end":{"line":395,"column":16}},"204":{"start":{"line":386,"column":4},"end":{"line":386,"column":25}},"205":{"start":{"line":387,"column":4},"end":{"line":390,"column":5}},"206":{"start":{"line":388,"column":6},"end":{"line":388,"column":57}},"207":{"start":{"line":389,"column":6},"end":{"line":389,"column":40}},"208":{"start":{"line":392,"column":4},"end":{"line":392,"column":19}},"209":{"start":{"line":393,"column":4},"end":{"line":393,"column":23}},"210":{"start":{"line":394,"column":4},"end":{"line":394,"column":47}},"211":{"start":{"line":394,"column":20},"end":{"line":394,"column":46}},"212":{"start":{"line":398,"column":0},"end":{"line":411,"column":2}},"213":{"start":{"line":399,"column":2},"end":{"line":402,"column":3}},"214":{"start":{"line":400,"column":4},"end":{"line":400,"column":51}},"215":{"start":{"line":401,"column":4},"end":{"line":401,"column":64}},"216":{"start":{"line":404,"column":2},"end":{"line":410,"column":16}},"217":{"start":{"line":405,"column":4},"end":{"line":408,"column":5}},"218":{"start":{"line":406,"column":6},"end":{"line":406,"column":57}},"219":{"start":{"line":407,"column":6},"end":{"line":407,"column":40}},"220":{"start":{"line":409,"column":4},"end":{"line":409,"column":55}},"221":{"start":{"line":409,"column":20},"end":{"line":409,"column":54}},"222":{"start":{"line":413,"column":0},"end":{"line":442,"column":2}},"223":{"start":{"line":414,"column":2},"end":{"line":417,"column":3}},"224":{"start":{"line":415,"column":4},"end":{"line":415,"column":49}},"225":{"start":{"line":416,"column":4},"end":{"line":416,"column":64}},"226":{"start":{"line":419,"column":2},"end":{"line":419,"column":26}},"227":{"start":{"line":420,"column":2},"end":{"line":423,"column":3}},"228":{"start":{"line":421,"column":4},"end":{"line":421,"column":23}},"229":{"start":{"line":422,"column":4},"end":{"line":422,"column":17}},"230":{"start":{"line":425,"column":2},"end":{"line":425,"column":20}},"231":{"start":{"line":426,"column":2},"end":{"line":433,"column":3}},"232":{"start":{"line":427,"column":4},"end":{"line":427,"column":30}},"233":{"start":{"line":428,"column":4},"end":{"line":432,"column":5}},"234":{"start":{"line":429,"column":6},"end":{"line":429,"column":37}},"235":{"start":{"line":431,"column":6},"end":{"line":431,"column":45}},"236":{"start":{"line":435,"column":2},"end":{"line":441,"column":16}},"237":{"start":{"line":436,"column":4},"end":{"line":439,"column":5}},"238":{"start":{"line":437,"column":6},"end":{"line":437,"column":55}},"239":{"start":{"line":438,"column":6},"end":{"line":438,"column":40}},"240":{"start":{"line":440,"column":4},"end":{"line":440,"column":47}},"241":{"start":{"line":440,"column":20},"end":{"line":440,"column":46}},"242":{"start":{"line":444,"column":0},"end":{"line":457,"column":2}},"243":{"start":{"line":445,"column":2},"end":{"line":448,"column":3}},"244":{"start":{"line":446,"column":4},"end":{"line":446,"column":51}},"245":{"start":{"line":447,"column":4},"end":{"line":447,"column":64}},"246":{"start":{"line":450,"column":2},"end":{"line":456,"column":16}},"247":{"start":{"line":451,"column":4},"end":{"line":454,"column":5}},"248":{"start":{"line":452,"column":6},"end":{"line":452,"column":57}},"249":{"start":{"line":453,"column":6},"end":{"line":453,"column":40}},"250":{"start":{"line":455,"column":4},"end":{"line":455,"column":47}},"251":{"start":{"line":455,"column":20},"end":{"line":455,"column":46}},"252":{"start":{"line":459,"column":0},"end":{"line":459,"column":29}},"253":{"start":{"line":460,"column":0},"end":{"line":460,"column":41}},"254":{"start":{"line":463,"column":0},"end":{"line":472,"column":3}},"255":{"start":{"line":465,"column":4},"end":{"line":465,"column":118}},"256":{"start":{"line":466,"column":4},"end":{"line":468,"column":7}},"257":{"start":{"line":469,"column":4},"end":{"line":469,"column":22}},"258":{"start":{"line":474,"column":0},"end":{"line":474,"column":28}}},"branchMap":{"1":{"line":68,"type":"if","locations":[{"start":{"line":68,"column":4},"end":{"line":68,"column":4}},{"start":{"line":68,"column":4},"end":{"line":68,"column":4}}]},"2":{"line":78,"type":"if","locations":[{"start":{"line":78,"column":2},"end":{"line":78,"column":2}},{"start":{"line":78,"column":2},"end":{"line":78,"column":2}}]},"3":{"line":82,"type":"if","locations":[{"start":{"line":82,"column":2},"end":{"line":82,"column":2}},{"start":{"line":82,"column":2},"end":{"line":82,"column":2}}]},"4":{"line":87,"type":"binary-expr","locations":[{"start":{"line":87,"column":12},"end":{"line":87,"column":19}},{"start":{"line":87,"column":23},"end":{"line":87,"column":25}}]},"5":{"line":91,"type":"if","locations":[{"start":{"line":91,"column":2},"end":{"line":91,"column":2}},{"start":{"line":91,"column":2},"end":{"line":91,"column":2}}]},"6":{"line":100,"type":"if","locations":[{"start":{"line":100,"column":2},"end":{"line":100,"column":2}},{"start":{"line":100,"column":2},"end":{"line":100,"column":2}}]},"7":{"line":104,"type":"if","locations":[{"start":{"line":104,"column":2},"end":{"line":104,"column":2}},{"start":{"line":104,"column":2},"end":{"line":104,"column":2}}]},"8":{"line":108,"type":"if","locations":[{"start":{"line":108,"column":2},"end":{"line":108,"column":2}},{"start":{"line":108,"column":2},"end":{"line":108,"column":2}}]},"9":{"line":112,"type":"if","locations":[{"start":{"line":112,"column":2},"end":{"line":112,"column":2}},{"start":{"line":112,"column":2},"end":{"line":112,"column":2}}]},"10":{"line":117,"type":"if","locations":[{"start":{"line":117,"column":4},"end":{"line":117,"column":4}},{"start":{"line":117,"column":4},"end":{"line":117,"column":4}}]},"11":{"line":130,"type":"if","locations":[{"start":{"line":130,"column":2},"end":{"line":130,"column":2}},{"start":{"line":130,"column":2},"end":{"line":130,"column":2}}]},"12":{"line":138,"type":"if","locations":[{"start":{"line":138,"column":2},"end":{"line":138,"column":2}},{"start":{"line":138,"column":2},"end":{"line":138,"column":2}}]},"13":{"line":147,"type":"if","locations":[{"start":{"line":147,"column":2},"end":{"line":147,"column":2}},{"start":{"line":147,"column":2},"end":{"line":147,"column":2}}]},"14":{"line":155,"type":"if","locations":[{"start":{"line":155,"column":2},"end":{"line":155,"column":2}},{"start":{"line":155,"column":2},"end":{"line":155,"column":2}}]},"15":{"line":159,"type":"if","locations":[{"start":{"line":159,"column":2},"end":{"line":159,"column":2}},{"start":{"line":159,"column":2},"end":{"line":159,"column":2}}]},"16":{"line":170,"type":"if","locations":[{"start":{"line":170,"column":4},"end":{"line":170,"column":4}},{"start":{"line":170,"column":4},"end":{"line":170,"column":4}}]},"17":{"line":177,"type":"if","locations":[{"start":{"line":177,"column":4},"end":{"line":177,"column":4}},{"start":{"line":177,"column":4},"end":{"line":177,"column":4}}]},"18":{"line":179,"type":"if","locations":[{"start":{"line":179,"column":8},"end":{"line":179,"column":8}},{"start":{"line":179,"column":8},"end":{"line":179,"column":8}}]},"19":{"line":189,"type":"if","locations":[{"start":{"line":189,"column":4},"end":{"line":189,"column":4}},{"start":{"line":189,"column":4},"end":{"line":189,"column":4}}]},"20":{"line":194,"type":"if","locations":[{"start":{"line":194,"column":2},"end":{"line":194,"column":2}},{"start":{"line":194,"column":2},"end":{"line":194,"column":2}}]},"21":{"line":204,"type":"if","locations":[{"start":{"line":204,"column":4},"end":{"line":204,"column":4}},{"start":{"line":204,"column":4},"end":{"line":204,"column":4}}]},"22":{"line":207,"type":"if","locations":[{"start":{"line":207,"column":4},"end":{"line":207,"column":4}},{"start":{"line":207,"column":4},"end":{"line":207,"column":4}}]},"23":{"line":212,"type":"binary-expr","locations":[{"start":{"line":212,"column":9},"end":{"line":212,"column":25}},{"start":{"line":212,"column":29},"end":{"line":212,"column":42}}]},"24":{"line":216,"type":"if","locations":[{"start":{"line":216,"column":2},"end":{"line":216,"column":2}},{"start":{"line":216,"column":2},"end":{"line":216,"column":2}}]},"25":{"line":221,"type":"if","locations":[{"start":{"line":221,"column":2},"end":{"line":221,"column":2}},{"start":{"line":221,"column":2},"end":{"line":221,"column":2}}]},"26":{"line":227,"type":"if","locations":[{"start":{"line":227,"column":4},"end":{"line":227,"column":4}},{"start":{"line":227,"column":4},"end":{"line":227,"column":4}}]},"27":{"line":231,"type":"if","locations":[{"start":{"line":231,"column":4},"end":{"line":231,"column":4}},{"start":{"line":231,"column":4},"end":{"line":231,"column":4}}]},"28":{"line":235,"type":"if","locations":[{"start":{"line":235,"column":0},"end":{"line":235,"column":0}},{"start":{"line":235,"column":0},"end":{"line":235,"column":0}}]},"29":{"line":237,"type":"if","locations":[{"start":{"line":237,"column":4},"end":{"line":237,"column":4}},{"start":{"line":237,"column":4},"end":{"line":237,"column":4}}]},"30":{"line":237,"type":"binary-expr","locations":[{"start":{"line":237,"column":8},"end":{"line":237,"column":22}},{"start":{"line":237,"column":26},"end":{"line":237,"column":37}},{"start":{"line":237,"column":41},"end":{"line":237,"column":53}},{"start":{"line":237,"column":57},"end":{"line":237,"column":69}}]},"31":{"line":243,"type":"if","lo
[...]
line":60,"column":4},"end":{"line":60,"column":31}},"38":{"start":{"line":63,"column":2},"end":{"line":63,"column":39}},"39":{"start":{"line":64,"column":2},"end":{"line":66,"column":3}},"40":{"start":{"line":65,"column":4},"end":{"line":65,"column":33}},"41":{"start":{"line":68,"column":2},"end":{"line":75,"column":4}},"42":{"start":{"line":78,"column":0},"end":{"line":86,"column":1}},"43":{"start":{"line":80,"column":2},"end":{"line":82,"column":3}},"44":{"start":{"line":81,"column":4},"end":{"line":81,"column":17}},"45":{"start":{"line":83,"column":2},"end":{"line":85,"column":5}},"46":{"start":{"line":84,"column":4},"end":{"line":84,"column":37}},"47":{"start":{"line":88,"column":0},"end":{"line":91,"column":1}},"48":{"start":{"line":89,"column":2},"end":{"line":89,"column":91}},"49":{"start":{"line":90,"column":2},"end":{"line":90,"column":45}},"50":{"start":{"line":93,"column":0},"end":{"line":108,"column":1}},"51":{"start":{"line":94,"column":2},"end":{"line":94,"column":23}},"52":{"start":{"line":95,"column":2},"end":{"line":107,"column":84}},"53":{"start":{"line":99,"column":6},"end":{"line":101,"column":7}},"54":{"start":{"line":100,"column":8},"end":{"line":100,"column":18}},"55":{"start":{"line":102,"column":6},"end":{"line":102,"column":16}},"56":{"start":{"line":104,"column":27},"end":{"line":104,"column":95}},"57":{"start":{"line":104,"column":60},"end":{"line":104,"column":92}},"58":{"start":{"line":106,"column":27},"end":{"line":106,"column":68}},"59":{"start":{"line":107,"column":27},"end":{"line":107,"column":48}},"60":{"start":{"line":107,"column":67},"end":{"line":107,"column":81}},"61":{"start":{"line":110,"column":0},"end":{"line":110,"column":26}}},"branchMap":{"1":{"line":12,"type":"if","locations":[{"start":{"line":12,"column":8},"end":{"line":12,"column":8}},{"start":{"line":12,"column":8},"end":{"line":12,"column":8}}]},"2":{"line":38,"type":"if","locations":[{"start":{"line":38,"column":4},"end":{"line":38,"column":4}},{"start":{"line":38,"column":4},"end":{"line":38,"column":4}}]},"3":{"line":38,"type":"binary-expr","locations":[{"start":{"line":38,"column":8},"end":{"line":38,"column":13}},{"start":{"line":38,"column":17},"end":{"line":38,"column":35}}]},"4":{"line":51,"type":"if","locations":[{"start":{"line":51,"column":2},"end":{"line":51,"column":2}},{"start":{"line":51,"column":2},"end":{"line":51,"column":2}}]},"5":{"line":53,"type":"if","locations":[{"start":{"line":53,"column":6},"end":{"line":53,"column":6}},{"start":{"line":53,"column":6},"end":{"line":53,"column":6}}]},"6":{"line":59,"type":"if","locations":[{"start":{"line":59,"column":2},"end":{"line":59,"column":2}},{"start":{"line":59,"column":2},"end":{"line":59,"column":2}}]},"7":{"line":59,"type":"binary-expr","locations":[{"start":{"line":59,"column":6},"end":{"line":59,"column":14}},{"start":{"line":59,"column":18},"end":{"line":59,"column":51}}]},"8":{"line":64,"type":"if","locations":[{"start":{"line":64,"column":2},"end":{"line":64,"column":2}},{"start":{"line":64,"column":2},"end":{"line":64,"column":2}}]},"9":{"line":64,"type":"binary-expr","locations":[{"start":{"line":64,"column":6},"end":{"line":64,"column":15}},{"start":{"line":64,"column":19},"end":{"line":64,"column":53}}]},"10":{"line":80,"type":"if","locations":[{"start":{"line":80,"column":2},"end":{"line":80,"column":2}},{"start":{"line":80,"column":2},"end":{"line":80,"column":2}}]},"11":{"line":99,"type":"if","locations":[{"start":{"line":99,"column":6},"end":{"line":99,"column":6}},{"start":{"line":99,"column":6},"end":{"line":99,"column":6}}]}},"code":["'use strict';","","require('lie/polyfill');","var childProcess = require('child_process');","var fs = require('fs');","var path = require('path');","","function promisify(func) {","  return function(arg) {","    return new Promise(function(resolve, reject) {","      func(arg, function(err, data) {","        if (err) {","          return reject(err);","        }","        resolve(data);","      });","    });","  };","}","","function promisedFilter(func) {","  return function(data) {","    var shouldKeep = data.map(func);","    return Promise.all(shouldKeep).then(function(keep) {","      return data.filter(function(path, index) {","        return keep[index];","      });","    });","  };","}","","var statAsync = promisify(fs.stat);","var readdirAsync = promisify(fs.readdir);","var execAsync = promisify(childProcess.exec);","","function udevParser(output) {","  var udevInfo = output.split('\\n').reduce(function(info, line) {","    if (!line || line.trim() === '') {","      return info;","    }","    var parts = line.split('=').map(function(part) {","      return part.trim();","    });","","    info[parts[0].toLowerCase()] = parts[1];","","    return info;","  }, {});","","  var pnpId;","  if (udevInfo.devlinks) {","    udevInfo.devlinks.split(' ').forEach(function(path) {","      if (path.indexOf('/by-id/') === -1) { return }","      pnpId = path.substring(path.lastIndexOf('/') + 1);","    });","  }","","  var vendorId = udevInfo.id_vendor_id;","  if (vendorId && vendorId.substring(0, 2) !== '0x') {","    vendorId = '0x' + vendorId;","  }","","  var productId = udevInfo.id_model_id;","  if (productId && productId.substring(0, 2) !== '0x') {","    productId = '0x' + productId;","  }","","  return {","    comName: udevInfo.devname,","    manufacturer: udevInfo.id_vendor,","    serialNumber: udevInfo.id_serial,","    pnpId: pnpId,","    vendorId: vendorId,","    productId: productId","  };","}","","function checkPathAndDevice(path) {","  // get only serial port names","  if (!(/(tty(S|ACM|USB|AMA|MFD)|rfcomm)/).test(path)) {","    return false;","  }","  return statAsync(path).then(function(stats) {","    return stats.isCharacterDevice();","  });","}","","function lookupPort(file) {","  var udevadm = 'udevadm info --query=property -p $(udevadm info -q path -n ' + file + ')';","  return execAsync(udevadm).then(udevParser);","}","","function listUnix(callback) {","  var dirName = '/dev';","  readdirAsync(dirName)","    .catch(function(err) {","      // if this directory is not found we just pretend everything is OK","      // TODO Depreciated this check?","      if (err.errno === 34) {","        return [];","      }","      throw err;","    })","    .then(function(data) { return data.map(function(file) { return path.join(dirName, file) }) })","    .then(promisedFilter(checkPathAndDevice))","    .then(function(data) { return Promise.all(data.map(lookupPort)) })","    .then(function(data) { callback(null, data) }, function(err) { callback(err) });","}","","module.exports = listUnix;",""],"l":{"3":1,"4":1,"5":1,"6":1,"8":1,"9":3,"10":65,"11":65,"12":65,"13":0,"15":65,"21":1,"22":1,"23":1,"24":1,"25":1,"26":199,"32":1,"33":1,"34":1,"36":1,"37":32,"38":192,"39":32,"41":160,"42":320,"45":160,"47":160,"50":32,"51":32,"52":0,"53":0,"54":0,"58":32,"59":32,"60":0,"63":32,"64":32,"65":0,"68":32,"78":1,"80":199,"81":167,"83":32,"84":32,"88":1,"89":32,"90":32,"93":1,"94":1,"95":1,"99":0,"100":0,"102":0,"104":199,"106":1,"107":1,"110":1}},"/home/travis/build/npmtest/node-npmtest-serialport/node_modules/serialport/lib/parsers.js":{"path":"/home/travis/build/npmtest/node-npmtest-serialport/node_modules/serialport/lib/parsers.js","s":{"1":1,"2":0,"3":0,"4":0,"5":0,"6":0,"7":0,"8":0,"9":0,"10":0,"11":0,"12":0,"13":0,"14":0,"15":0,"16":0,"17":0,"18":0,"19":0,"20":0,"21":0,"22":0,"23":0,"24":0,"25":0,"26":0,"27":0,"28":0,"29":0,"30":0,"31":0,"32":0,"33":0},"b":{"1":[0,0],"2":[0,0],"3":[0,0],"4":[0,0],"5":[0,0],"6":[0,0],"7":[0,0]},"f":{"1":0,"2":0,"3":0,"4":0,"5":0,"6":0,"7":0,"8":0},"fnMap":{"1":{"name":"(anonymous_1)","line":6,"loc":{"start":{"line":6,"column":7},"end":{"line":6,"column":33}}},"2":{"name":"(anonymous_2)","line":12,"loc":{"start":{"line":12,"column":12},"end":{"line":12,"column":42}}},"3":{"name":"(anonymous_3)","line":17,"loc":{"start":{"line":17,"column":11},"end":{"line":17,"column":37}}},"4":{"name":"(anonymous_4)","line":23,"loc":{"start":{"line":23,"column":20},"end":{"line":23,"column":35}}},"5":{"name":"(anonymous_5)","line":30,"loc":{"start":{"line":30,"column":14},"end":{"line":30,"column":31}}},"6":{"name":"(anonymous_6)","line":32,"loc":{"start":{"line":32,"column":11},"end":{"line":32,"column":37}}},"7":{"name":"(anonymous_7)","line":44,"loc":{"start":{"line":44,"column":17},"end":{"line":44,"column":37}}},"8":{"name":"(anonymous_8)","line":50,"loc":{"start":{"line":50,"column":11},"end":{"line":50,"column":37}}}},"statementMap":{"1":{"start":{"line":5,"column":0},"end":{"line":64,"column":2}},"2":{"start":{"line":7,"column":4},"end":{"line":7,"column":33}},"3":{"start":{"line":13,"column":4},"end":{"line":13,"column":84}},"4":{"start":{"line":13,"column":66},"end":{"line":13,"column":83}},"5":{"start":{"line":14,"column":4},"end":{"line":14,"column":83}},"6":{"start":{"line":14,"column":64},"end":{"line":14,"column":82}},"7":{"start":{"line":16,"column":4},"end":{"line":16,"column":18}},"8":{"start":{"line":17,"column":4},"end":{"line":26,"column":6}},"9":{"start":{"line":19,"column":6},"end":{"line":19,"column":40}},"10":{"start":{"line":21,"column":6},"end":{"line":21,"column":40}},"11":{"start":{"line":22,"column":6},"end":{"line":22,"column":25}},"12":{"start":{"line":23,"column":6},"end":{"line":25,"column":9}},"13":{"start":{"line":24,"column":8},"end":{"line":24,"column":35}},"14":{"start":{"line":31,"column":4},"end":{"line":31,"column":29}},"15":{"start":{"line":32,"column":4},"end":{"line":39,"column":6}},"16":{"start":{"line":33,"column":6},"end":{"line":33,"column":43}},"17":{"start":{"line":34,"column":6},"end":{"line":38,"column":7}},"18":{"start":{"line":35,"column":8},"end":{"line":35,"column":40}},"19":{"start":{"line":36,"column":8},"end":{"line":36,"column":34}},"20":{"start":{"line":37,"column":8},"end":{"line":37,"column":34}},"21":{"start":{"line":45,"column":4},"end":{"line":47,"column":5}},"22":{"start":{"line":46,"column":6},"end":{"line":46,"column":32}},"23":{"start":{"line":48,"column":4},"end":{"line":48,"column":17}},"24":{"start":{"line":49,"column":4},"end":{"line":49,"column":27}},"25":{"start":{"line":50,"column":4},"end":{"line":62,"column":6}},"26":{"start":{"line":51,"column":6},"end":{"line":61,"column":7}},"27":{"start":{"line":52,"column":8},"end":{"line":52,"column":36}},"28":{"start":{"line":53,"column":8},"end":{"line":55,"column":9}},"29":{"start":{"line":54,"column":10},"end":{"line":54,"column":27}},"30":{"start":{"line":56,"column":8},"end":{"line":60,"column":9}},"31":{"start":{"line":57,"column":10},"end":{"line":57,"column":36}},"32":{"start":{"line":58,"column":10},"end":{"line":58,"column":19}},"33":{"start":{"line":59,"column":10},"end":{"line":59,"column":29}}},"branchMap":{"1":{"line":13,"type":"if","locations":[{"start":{"line":13,"column":4},"end":{"line":13,"column":4}},{"start":{"line":13,"column":4},"end":{"line":13,"column":4}}]},"2":{"line":13,"type":"binary-expr","locations":[{"start":{"line":13,"column":8},"end":{"line":13,"column":40}},{"start":{"line":13,"column":44},"end":{"line":13,"column":62}}]},"3":{"line":14,"type":"if","locations":[{"start":{"line":14,"column":4},"end":{"line":14,"column":4}},{"start":{"line":14,"column":4},"end":{"line":14,"column":4}}]},"4":{"line":14,"type":"binary-expr","locations":[{"start":{"line":14,"column":8},"end":{"line":14,"column":39}},{"start":{"line":14,"column":43},"end":{"line":14,"column":60}}]},"5":{"line":45,"type":"if","locations":[{"start":{"line":45,"column":4},"end":{"line":45,"column":4}},{"start":{"line":45,"column":4},"end":{"line":45,"column":4}}]},"6":{"line":53,"type":"if","locations":[{"start":{"line":53,"column":8},"end":{"line":53,"column":8}},{"start":{"line":53,"column":8},"end":{"line":53,"column":8}}]},"7":{"line":56,"type":"if","locations":[{"start":{"line":56,"column":8},"end":{"line":56,"column":8}},{"start":{"line":56,"column":8},"end":{"line":56,"column":8}}]}},"code":["'use strict';","","// Copyright 2011 Chris Williams <chris@iterativedesigns.com>","","module.exports = {","  raw: function(emitter, buffer) {","    emitter.emit('data', buffer);","  },","","  // encoding: ascii utf8 utf16le ucs2 base64 binary hex","  // More: http://nodejs.org/api/buffer.html#buffer_buffer","  readline: function(delimiter, encoding) {","    if (typeof delimiter === 'undefined' || delimiter === null) { delimiter = '\\r' }","    if (typeof encoding === 'undefined' || encoding === null) { encoding = 'utf8' }","    // Delimiter buffer saved in closure","    var data = '';","    return function(emitter, buffer) {","      // Collect data","      data += buffer.toString(encoding);","      // Split collected data by delimiter","      var parts = data.split(delimiter);","      data = parts.pop();","      parts.forEach(function(part) {","        emitter.emit('data', part);","      });","    };","  },","","  // Emit a data event every `length` bytes","  byteLength: function(length) {","    var data = new Buffer(0);","    return function(emitter, buffer) {","      data = Buffer.concat([data, buffer]);","      while (data.length >= length) {","        var out = data.slice(0, length);","        data = data.slice(length);","        emitter.emit('data', out);","      }","    };","  },","","  // Emit a data event each time a byte sequence (delimiter is an array of byte) is found","  // Sample usage : byteDelimiter([10, 13])","  byteDelimiter: function(delimiter) {","    if (Object.prototype.toString.call(delimiter) !== '[object Array]') {","      delimiter = [ delimiter ];","    }","    var buf = [];","    var nextDelimIndex = 0;","    return function(emitter, buffer) {","      for (var i = 0; i < buffer.length; i++) {","        buf[buf.length] = buffer[i];","        if (buf[buf.length - 1] === delimiter[nextDelimIndex]) {","          nextDelimIndex++;","        }","        if (nextDelimIndex === delimiter.length) {","          emitter.emit('data', buf);","          buf = [];","          nextDelimIndex = 0;","        }","      }","    };","  }","};",""],"l":{"5":1,"7":0,"13":0,"14":0,"16":0,"17":0,"19":0,"21":0,"22":0,"23":0,"24":0,"31":0,"32":0,"33":0,"34":0,"35":0,"36":0,"37":0,"45":0,"46":0,"48":0,"49":0,"50":0,"51":0,"52":0,"53":0,"54":0,"56":0,"57":0,"58":0,"59":0}},"/home/travis/build/npmtest/node-npmtest-serialport/node_modules/serialport/.eslintrc.js":{"path":"/home/travis/build/npmtest/node-npmtest-serialport/node_modules/serialport/.eslintrc.js","s":{"1":1},"b":{},"f":{},"fnMap":{},"statementMap":{"1":{"start":{"line":1,"column":0},"end":{"line":32,"column":2}}},"branchMap":{},"code":["module.exports = {","  env: {","    node: true,","    mocha: true,","  },","  parserOptions: {","    sourceType: \"script\"","  },","  globals: {","    \"Promise\": false","  },","  rules: {","    \"brace-style\": [2, \"1tbs\", {\"allowSingleLine\": true} ],","    \"complexity\": [2, 32],","    \"curly\": 2,","    \"eqeqeq\": 2,","    \"max-depth\": 2,","    \"max-statements\": [2, 41],","    \"new-cap\": 2,","    \"no-caller\": 2,","    \"no-cond-assign\": 2,","    \"no-else-return\": 2,","    \"no-undef\": 2,","    \"no-unused-vars\": [2, { \"args\": \"after-used\" }],","    \"no-use-before-define\": 2,","    \"quotes\": [2, \"single\", \"avoid-escape\"],","    \"semi\": [2, \"always\", {\"omitLastInOneLineBlock\": true }],","    \"space-before-function-paren\": [2, \"never\"],","    \"strict\": 2,","    \"wrap-iife\": [2, \"inside\"]","  }","};",""],"l":{"1":1}},"/home/travis/build/npmtest/node-npmtest-serialport/node_modules/serialport/bin/serialport-list.js":{"path":"/home/travis/build/npmtest/node-npmtest-serialport/node_modules/serialport/bin/serialport-list.js","s":{"1":1,"2":1,"3":1,"4":1,"5":1,"6":1,"7":0,"8":0,"9":1,"10":32,"11":0,"12":0,"13":0,"14":0,"15":0,"16":0,"17":0,"18":0,"19":0,"20":1},"b":{"1":[0,1],"2":[32,32],"3":[32,32],"4":[0,0],"5":[0,0]},"f":{"1":1,"2":32,"3":0,"4":0,"5":0},"fnMap":{"1":{"name":"(anonymous_1)","line":15,"loc":{"start":{"line":15,"column":8},"end":{"line":15,"column":29}}},"2":{"name":"(anonymous_2)","line":20,"loc":{"start":{"line":20,"column":18},"end":{"line":20,"column":33}}},"3":{"name":"(anonymous_3)","line":24,"loc":{"start":{"line":24,"column":8},"end":{"line":24,"column":29}}},"4":{"name":"(anonymous_4)","line":31,"loc":{"start":{"line":31,"column":12},"end":{"line":31,"column":33}}},"5":{"name":"(anonymous_5)","line":36,"loc":{"start":{"line":36,"column":18},"end":{"line":36,"column":33}}}},"statementMap":{"1":{"start":{"line":4,"column":0},"end":{"line":4,"column":32}},"2":{"start":{"line":5,"column":0},"end":{"line":5,"column":49}},"3":{"start":{"line":6,"column":0},"end":{"line":6,"column":32}},"4":{"start":{"line":8,"column":0},"end":{"line":12,"column":23}},"5":{"start":{"line":14,"column":0},"end":{"line":40,"column":2}},"6":{"start":{"line":16,"column":4},"end":{"line":19,"column":5}},"7":{"start":{"line":17,"column":6},"end":{"line":17,"column":25}},"8":{"start":{"line":18,"column":6},"end":{"line":18,"column":22}},"9":{"start":{"line":20,"column":4},"end":{"line":22,"column":7}},"10":{"start":{"line":21,"column":6},"end":{"line":21,"column":95}},"11":{"start":{"line":25,"column":4},"end":{"line":28,"column":5}},"12":{"start":{"line":26,"column":6},"end":{"line":26,"column":41}},"13":{"start":{"line":27,"column":6},"end":{"line":27,"column":22}},"14":{"start":{"line":29,"column":4},"end":{"line":29,"column":39}},"15":{"start":{"line":32,"column":4},"end":{"line":35,"column":5}},"16":{"start":{"line":33,"column":6},"end":{"line":33,"column":41}},"17":{"start":{"line":34,"column":6},"end":{"line":34,"column":22}},"18":{"start":{"line":36,"column":4},"end":{"line":38,"column":7}},"19":{"start":{"line":37,"column":6},"end":{"line":37,"column":40}},"20":{"start":{"line":42,"column":0},"end":{"line":42,"column":41}}},"branchMap":{"1":{"line":16,"type":"if","locations":[{"start":{"line":16,"column":4},"end":{"line":16,"column":4}},{"start":{"line":16,"column":4},"end":{"line":16,"column":4}}]},"2":{"line":21,"type":"binary-expr","locations":[{"start":{"line":21,"column":41},"end":{"line":21,"column":51}},{"start":{"line":21,"column":55},"end":{"line":21,"column":57}}]},"3":{"line":21,"type":"binary-expr","locations":[{"start":{"line":21,"column":69},"end":{"line":21,"column":86}},{"start":{"line":21,"column":90},"end":{"line":21,"column":92}}]},"4":{"line":25,"type":"if","locations":[{"start":{"line":25,"column":4},"end":{"line":25,"column":4}},{"start":{"line":25,"column":4},"end":{"line":25,"column":4}}]},"5":{"line":32,"type":"if","locations":[{"start":{"line":32,"column":4},"end":{"line":32,"column":4}},{"start":{"line":32,"column":4},"end":{"line":32,"column":4}}]}},"code":["//#!/usr/bin/env node","'use strict';","","var serialport = require('../');","var version = require('../package.json').version;","var args = require('commander');","","args","  .version(version)","  .description('List available serial ports')","  .option('-f, --format <type>', 'Format the output as text, json, or jsonline. default: text', /^(text|json|jsonline)$/i, 'text')","  .parse(process.argv);","","var formatters = {","  text: function(err, ports) {","    if (err) {","      console.error(err);","      process.exit(1);","    }","    ports.forEach(function(port) {","      console.log(port.comName + '\\t' + (port.pnpId || '') + '\\t' + (port.manufacturer || ''));","    });","  },","  json: function(err, ports) {","    if (err) {","      console.error(JSON.stringify(err));","      process.exit(1);","    }","    console.log(JSON.stringify(ports));","  },","  jsonline: function(err, ports) {","    if (err) {","      console.error(JSON.stringify(err));","      process.exit(1);","    }","    ports.forEach(function(port) {","      console.log(JSON.stringify(port));","    });","  }","};","","serialport.list(formatters[args.format]);","",""],"l":{"4":1,"5":1,"6":1,"8":1,"14":1,"16":1,"17":0,"18":0,"20":1,"21":32,"25":0,"26":0,"27":0,"29":0,"32":0,"33":0,"34":0,"36":0,"37":0,"42":1}}}